Namespace(arch='res20s', batch_size=128, checkpoint=None, core_set_method='both', data='data/cifar100', data_prune='zero_out', data_rate=0.2, dataset='cifar100', decreasing_lr='91,136', eb_eps=0.08, epochs=182, gpu=0, lr=0.1, momentum=0.9, print_freq=50, prune_type='rewind_lt', pruning_times=16, queue_length=5, rate=0.2, resume=False, rewind_epoch=2, save_dir='cifar100_with_bars', seed=None, split_file='npy_files/cifar100-train-val.npy', threshold=0, warmup=0, weight_decay=0.0001)
Files already downloaded and verified
Files already downloaded and verified
Files already downloaded and verified
return train dataset
Files already downloaded and verified
build model: resnet20
######################################## Start Standard Training Iterative Pruning ########################################
******************************************
pruning state 0
* remain parameters = 267696
******************************************
* remain weight =  100.0 %
0.1
* training images number = 45000
Epoch: [0][0/352]	Loss 6.5696 (6.5696)	Accuracy 1.562 (1.562)	Time 0.13
Epoch: [0][50/352]	Loss 4.4084 (4.6861)	Accuracy 6.250 (3.554)	Time 2.81
Epoch: [0][100/352]	Loss 4.2804 (4.4526)	Accuracy 3.906 (4.378)	Time 2.97
Epoch: [0][150/352]	Loss 4.0768 (4.2961)	Accuracy 7.812 (5.401)	Time 2.71
Epoch: [0][200/352]	Loss 3.8446 (4.1935)	Accuracy 7.031 (6.254)	Time 2.50
Epoch: [0][250/352]	Loss 3.8229 (4.1230)	Accuracy 14.062 (7.081)	Time 2.54
Epoch: [0][300/352]	Loss 3.6962 (4.0626)	Accuracy 16.406 (7.922)	Time 2.41
Epoch: [0][350/352]	Loss 3.7769 (4.0039)	Accuracy 12.500 (8.672)	Time 2.52
train_accuracy 8.676
Test: [0/40]	Loss 3.6163 (3.6163)	Accuracy 15.625 (15.625)
valid_accuracy 12.220
Test: [0/79]	Loss 3.5961 (3.5961)	Accuracy 12.500 (12.500)
Test: [50/79]	Loss 3.7017 (3.7197)	Accuracy 10.156 (12.607)
valid_accuracy 12.670
Apply Unstructured L1 Pruning
Remove Pruning
0.1
Epoch: [1][0/352]	Loss 3.6440 (3.6440)	Accuracy 15.625 (15.625)	Time 0.05
Epoch: [1][50/352]	Loss 3.5457 (3.5858)	Accuracy 14.844 (14.062)	Time 2.40
Epoch: [1][100/352]	Loss 3.2910 (3.5512)	Accuracy 20.312 (14.828)	Time 2.43
Epoch: [1][150/352]	Loss 3.7995 (3.5258)	Accuracy 13.281 (15.547)	Time 2.41
Epoch: [1][200/352]	Loss 3.1985 (3.4998)	Accuracy 17.969 (15.854)	Time 2.41
Epoch: [1][250/352]	Loss 3.2525 (3.4617)	Accuracy 22.656 (16.605)	Time 2.39
Epoch: [1][300/352]	Loss 2.9919 (3.4312)	Accuracy 28.906 (17.045)	Time 2.45
Epoch: [1][350/352]	Loss 3.0841 (3.3977)	Accuracy 21.875 (17.604)	Time 2.38
train_accuracy 17.618
Test: [0/40]	Loss 3.3764 (3.3764)	Accuracy 16.406 (16.406)
valid_accuracy 18.780
Test: [0/79]	Loss 3.2850 (3.2850)	Accuracy 21.875 (21.875)
Test: [50/79]	Loss 3.5159 (3.3809)	Accuracy 11.719 (19.501)
valid_accuracy 19.570
Apply Unstructured L1 Pruning
Remove Pruning
* current-mask-distance is = 0.16083915531635284
0.1
Epoch: [2][0/352]	Loss 3.2257 (3.2257)	Accuracy 19.531 (19.531)	Time 0.05
Epoch: [2][50/352]	Loss 2.8974 (3.1285)	Accuracy 27.344 (22.074)	Time 2.40
Epoch: [2][100/352]	Loss 2.9694 (3.0706)	Accuracy 26.562 (23.128)	Time 2.40
Epoch: [2][150/352]	Loss 3.1532 (3.0490)	Accuracy 25.000 (23.500)	Time 2.43
Epoch: [2][200/352]	Loss 3.0623 (3.0359)	Accuracy 25.781 (23.706)	Time 2.61
Epoch: [2][250/352]	Loss 3.1622 (3.0218)	Accuracy 25.781 (24.079)	Time 2.35
Epoch: [2][300/352]	Loss 3.0165 (2.9959)	Accuracy 25.000 (24.650)	Time 2.45
Epoch: [2][350/352]	Loss 2.7679 (2.9725)	Accuracy 31.250 (25.107)	Time 2.41
train_accuracy 25.120
Test: [0/40]	Loss 3.2775 (3.2775)	Accuracy 25.000 (25.000)
valid_accuracy 23.460
Test: [0/79]	Loss 2.9945 (2.9945)	Accuracy 25.000 (25.000)
Test: [50/79]	Loss 3.3700 (3.1463)	Accuracy 18.750 (24.449)
valid_accuracy 24.450
Apply Unstructured L1 Pruning
Remove Pruning
* current-mask-distance is = 0.15932998061180115
0.1
Epoch: [3][0/352]	Loss 2.8731 (2.8731)	Accuracy 25.781 (25.781)	Time 0.05
Epoch: [3][50/352]	Loss 2.8332 (2.7668)	Accuracy 27.344 (28.983)	Time 2.39
Epoch: [3][100/352]	Loss 2.5554 (2.7295)	Accuracy 35.938 (29.765)	Time 2.39
Epoch: [3][150/352]	Loss 2.5242 (2.7079)	Accuracy 36.719 (30.505)	Time 2.38
Epoch: [3][200/352]	Loss 2.7222 (2.7026)	Accuracy 32.812 (30.492)	Time 2.42
Epoch: [3][250/352]	Loss 2.6486 (2.6850)	Accuracy 30.469 (30.789)	Time 2.31
Epoch: [3][300/352]	Loss 2.6859 (2.6692)	Accuracy 32.812 (31.177)	Time 2.29
Epoch: [3][350/352]	Loss 2.4995 (2.6527)	Accuracy 35.156 (31.459)	Time 2.28
train_accuracy 31.467
Test: [0/40]	Loss 2.7044 (2.7044)	Accuracy 31.250 (31.250)
valid_accuracy 30.780
Test: [0/79]	Loss 2.5425 (2.5425)	Accuracy 30.469 (30.469)
Test: [50/79]	Loss 2.7995 (2.6901)	Accuracy 28.906 (31.801)
valid_accuracy 31.800
Apply Unstructured L1 Pruning
Remove Pruning
* current-mask-distance is = 0.15246398746967316
0.1
Epoch: [4][0/352]	Loss 2.5451 (2.5451)	Accuracy 28.125 (28.125)	Time 0.05
Epoch: [4][50/352]	Loss 2.5242 (2.4841)	Accuracy 36.719 (34.452)	Time 2.29
Epoch: [4][100/352]	Loss 2.2469 (2.4778)	Accuracy 36.719 (34.375)	Time 2.28
Epoch: [4][150/352]	Loss 2.1830 (2.4652)	Accuracy 38.281 (34.939)	Time 2.30
Epoch: [4][200/352]	Loss 2.6758 (2.4466)	Accuracy 34.375 (35.634)	Time 2.32
Epoch: [4][250/352]	Loss 2.5384 (2.4392)	Accuracy 33.594 (35.710)	Time 2.27
Epoch: [4][300/352]	Loss 2.2240 (2.4282)	Accuracy 46.875 (36.070)	Time 2.37
Epoch: [4][350/352]	Loss 2.5879 (2.4177)	Accuracy 32.031 (36.222)	Time 2.27
train_accuracy 36.229
Test: [0/40]	Loss 2.5956 (2.5956)	Accuracy 35.938 (35.938)
valid_accuracy 34.280
Test: [0/79]	Loss 2.3341 (2.3341)	Accuracy 36.719 (36.719)
Test: [50/79]	Loss 2.4698 (2.4770)	Accuracy 35.938 (34.237)
valid_accuracy 34.060
Apply Unstructured L1 Pruning
Remove Pruning
* current-mask-distance is = 0.14290089905261993
0.1
Epoch: [5][0/352]	Loss 2.2321 (2.2321)	Accuracy 45.312 (45.312)	Time 0.05
Epoch: [5][50/352]	Loss 2.3494 (2.2497)	Accuracy 39.062 (40.211)	Time 2.55
Epoch: [5][100/352]	Loss 2.5463 (2.2606)	Accuracy 29.688 (39.534)	Time 2.35
Epoch: [5][150/352]	Loss 2.1313 (2.2599)	Accuracy 43.750 (39.394)	Time 2.37
Epoch: [5][200/352]	Loss 1.9866 (2.2538)	Accuracy 45.312 (39.723)	Time 2.36
Epoch: [5][250/352]	Loss 2.1749 (2.2509)	Accuracy 45.312 (39.732)	Time 2.37
Epoch: [5][300/352]	Loss 2.3019 (2.2439)	Accuracy 37.500 (39.935)	Time 2.41
Epoch: [5][350/352]	Loss 2.3284 (2.2330)	Accuracy 39.844 (40.100)	Time 2.44
train_accuracy 40.096
Test: [0/40]	Loss 2.4209 (2.4209)	Accuracy 38.281 (38.281)
valid_accuracy 37.440
Test: [0/79]	Loss 2.2312 (2.2312)	Accuracy 42.188 (42.188)
Test: [50/79]	Loss 2.5699 (2.3485)	Accuracy 37.500 (38.863)
valid_accuracy 38.390
Apply Unstructured L1 Pruning
Remove Pruning
* current-mask-distance is = 0.1342119425535202
0.1
Epoch: [6][0/352]	Loss 2.1232 (2.1232)	Accuracy 41.406 (41.406)	Time 0.05
Epoch: [6][50/352]	Loss 2.2745 (2.1315)	Accuracy 39.062 (41.559)	Time 2.46
Epoch: [6][100/352]	Loss 2.2099 (2.1439)	Accuracy 43.750 (41.808)	Time 2.40
Epoch: [6][150/352]	Loss 2.1364 (2.1337)	Accuracy 38.281 (42.146)	Time 2.83
Epoch: [6][200/352]	Loss 2.0712 (2.1243)	Accuracy 38.281 (42.320)	Time 2.76
Epoch: [6][250/352]	Loss 2.2016 (2.1142)	Accuracy 34.375 (42.608)	Time 2.68
Epoch: [6][300/352]	Loss 1.8567 (2.1015)	Accuracy 46.094 (42.875)	Time 2.63
Epoch: [6][350/352]	Loss 2.2110 (2.0914)	Accuracy 41.406 (43.209)	Time 2.47
train_accuracy 43.193
Test: [0/40]	Loss 2.9468 (2.9468)	Accuracy 37.500 (37.500)
valid_accuracy 34.920
Test: [0/79]	Loss 2.4856 (2.4856)	Accuracy 40.625 (40.625)
Test: [50/79]	Loss 2.6794 (2.7529)	Accuracy 39.844 (36.060)
valid_accuracy 35.970
Apply Unstructured L1 Pruning
Remove Pruning
* current-mask-distance is = 0.12971429526805878
0.1
Epoch: [7][0/352]	Loss 1.9641 (1.9641)	Accuracy 44.531 (44.531)	Time 0.10
Epoch: [7][50/352]	Loss 2.1471 (1.9758)	Accuracy 43.750 (45.282)	Time 2.35
Epoch: [7][100/352]	Loss 1.9049 (1.9976)	Accuracy 44.531 (45.382)	Time 2.43
Epoch: [7][150/352]	Loss 2.0995 (1.9956)	Accuracy 45.312 (45.623)	Time 2.39
Epoch: [7][200/352]	Loss 2.1501 (1.9955)	Accuracy 38.281 (45.519)	Time 2.36
Epoch: [7][250/352]	Loss 1.9222 (1.9908)	Accuracy 44.531 (45.655)	Time 2.35
Epoch: [7][300/352]	Loss 2.2249 (1.9882)	Accuracy 45.312 (45.673)	Time 2.36
Epoch: [7][350/352]	Loss 2.0634 (1.9888)	Accuracy 43.750 (45.640)	Time 2.36
train_accuracy 45.647
Test: [0/40]	Loss 2.2485 (2.2485)	Accuracy 39.844 (39.844)
valid_accuracy 42.840
Test: [0/79]	Loss 2.1801 (2.1801)	Accuracy 49.219 (49.219)
Test: [50/79]	Loss 2.0520 (2.1688)	Accuracy 42.188 (44.210)
valid_accuracy 44.210
Apply Unstructured L1 Pruning
Remove Pruning
* current-mask-distance is = 0.12647181749343872
0.1
Epoch: [8][0/352]	Loss 1.6393 (1.6393)	Accuracy 52.344 (52.344)	Time 0.05
Epoch: [8][50/352]	Loss 1.5672 (1.8624)	Accuracy 56.250 (48.407)	Time 2.43
Epoch: [8][100/352]	Loss 2.0856 (1.8657)	Accuracy 46.094 (48.453)	Time 2.39
Epoch: [8][150/352]	Loss 1.6416 (1.8671)	Accuracy 51.562 (48.556)	Time 2.39
Epoch: [8][200/352]	Loss 2.0724 (1.8784)	Accuracy 46.875 (48.235)	Time 2.40
Epoch: [8][250/352]	Loss 1.7408 (1.8879)	Accuracy 52.344 (48.123)	Time 2.37
Epoch: [8][300/352]	Loss 1.7489 (1.8826)	Accuracy 50.781 (48.305)	Time 2.48
Epoch: [8][350/352]	Loss 1.7828 (1.8866)	Accuracy 46.094 (48.177)	Time 2.83
train_accuracy 48.164
Test: [0/40]	Loss 2.2044 (2.2044)	Accuracy 39.844 (39.844)
valid_accuracy 44.600
Test: [0/79]	Loss 1.8603 (1.8603)	Accuracy 51.562 (51.562)
Test: [50/79]	Loss 2.0998 (2.0057)	Accuracy 46.875 (45.864)
valid_accuracy 45.520
Apply Unstructured L1 Pruning
Remove Pruning
* current-mask-distance is = 0.12154831737279892
0.1
Epoch: [9][0/352]	Loss 1.9256 (1.9256)	Accuracy 45.312 (45.312)	Time 0.06
Epoch: [9][50/352]	Loss 1.7574 (1.8210)	Accuracy 48.438 (49.510)	Time 2.92
Epoch: [9][100/352]	Loss 1.9611 (1.8024)	Accuracy 45.312 (49.660)	Time 2.89
Epoch: [9][150/352]	Loss 1.6978 (1.8123)	Accuracy 50.000 (49.700)	Time 2.78
Epoch: [9][200/352]	Loss 1.6173 (1.8149)	Accuracy 52.344 (49.650)	Time 2.86
Epoch: [9][250/352]	Loss 1.8190 (1.8136)	Accuracy 47.656 (49.707)	Time 2.82
Epoch: [9][300/352]	Loss 1.8414 (1.8181)	Accuracy 50.781 (49.528)	Time 2.61
Epoch: [9][350/352]	Loss 1.8729 (1.8188)	Accuracy 53.125 (49.526)	Time 2.45
train_accuracy 49.520
Test: [0/40]	Loss 2.5547 (2.5547)	Accuracy 39.844 (39.844)
valid_accuracy 44.520
Test: [0/79]	Loss 1.9539 (1.9539)	Accuracy 48.438 (48.438)
Test: [50/79]	Loss 2.1246 (2.1162)	Accuracy 46.875 (45.129)
valid_accuracy 45.560
Apply Unstructured L1 Pruning
Remove Pruning
* current-mask-distance is = 0.11938915401697159
0.1
Epoch: [10][0/352]	Loss 1.6501 (1.6501)	Accuracy 54.688 (54.688)	Time 0.05
Epoch: [10][50/352]	Loss 1.7627 (1.7433)	Accuracy 47.656 (50.674)	Time 2.43
Epoch: [10][100/352]	Loss 1.7235 (1.7640)	Accuracy 55.469 (50.557)	Time 2.42
Epoch: [10][150/352]	Loss 1.6758 (1.7563)	Accuracy 59.375 (51.055)	Time 2.39
Epoch: [10][200/352]	Loss 1.6758 (1.7494)	Accuracy 53.125 (51.333)	Time 2.42
Epoch: [10][250/352]	Loss 1.7420 (1.7598)	Accuracy 54.688 (51.164)	Time 2.39
Epoch: [10][300/352]	Loss 1.8590 (1.7552)	Accuracy 48.438 (51.264)	Time 2.42
Epoch: [10][350/352]	Loss 1.6535 (1.7549)	Accuracy 53.906 (51.235)	Time 2.41
train_accuracy 51.240
Test: [0/40]	Loss 2.3498 (2.3498)	Accuracy 46.094 (46.094)
valid_accuracy 44.440
Test: [0/79]	Loss 2.1581 (2.1581)	Accuracy 42.969 (42.969)
Test: [50/79]	Loss 2.1664 (2.1413)	Accuracy 40.625 (44.347)
valid_accuracy 44.480
Apply Unstructured L1 Pruning
Remove Pruning
* current-mask-distance is = 0.11587023735046387
0.1
Epoch: [11][0/352]	Loss 1.4766 (1.4766)	Accuracy 60.156 (60.156)	Time 0.05
Epoch: [11][50/352]	Loss 2.0793 (1.6851)	Accuracy 42.969 (52.788)	Time 2.43
Epoch: [11][100/352]	Loss 1.7049 (1.6848)	Accuracy 54.688 (52.893)	Time 2.41
Epoch: [11][150/352]	Loss 1.7594 (1.6825)	Accuracy 50.781 (52.882)	Time 2.40
Epoch: [11][200/352]	Loss 1.7994 (1.6833)	Accuracy 53.125 (52.942)	Time 2.43
Epoch: [11][250/352]	Loss 1.9385 (1.7004)	Accuracy 45.312 (52.587)	Time 2.47
Epoch: [11][300/352]	Loss 1.8155 (1.6998)	Accuracy 51.562 (52.720)	Time 2.38
Epoch: [11][350/352]	Loss 2.0147 (1.6995)	Accuracy 41.406 (52.662)	Time 2.39
train_accuracy 52.673
Test: [0/40]	Loss 2.0970 (2.0970)	Accuracy 46.094 (46.094)
valid_accuracy 46.280
Test: [0/79]	Loss 1.9718 (1.9718)	Accuracy 46.875 (46.875)
Test: [50/79]	Loss 2.1203 (2.0457)	Accuracy 47.656 (46.308)
valid_accuracy 46.330
Apply Unstructured L1 Pruning
Remove Pruning
* current-mask-distance is = 0.11326280236244202
0.1
Epoch: [12][0/352]	Loss 1.4338 (1.4338)	Accuracy 59.375 (59.375)	Time 0.05
Epoch: [12][50/352]	Loss 1.5855 (1.6062)	Accuracy 57.812 (54.504)	Time 2.54
Epoch: [12][100/352]	Loss 1.4500 (1.6238)	Accuracy 57.031 (54.061)	Time 2.48
Epoch: [12][150/352]	Loss 1.6543 (1.6284)	Accuracy 46.875 (54.041)	Time 2.40
Epoch: [12][200/352]	Loss 1.6467 (1.6262)	Accuracy 56.250 (54.112)	Time 2.53
Epoch: [12][250/352]	Loss 1.8146 (1.6304)	Accuracy 49.219 (54.053)	Time 2.68
Epoch: [12][300/352]	Loss 1.7455 (1.6321)	Accuracy 50.781 (54.020)	Time 2.63
Epoch: [12][350/352]	Loss 1.6792 (1.6374)	Accuracy 50.000 (53.900)	Time 2.57
train_accuracy 53.884
Test: [0/40]	Loss 1.9212 (1.9212)	Accuracy 50.781 (50.781)
valid_accuracy 50.180
Test: [0/79]	Loss 1.8192 (1.8192)	Accuracy 52.344 (52.344)
Test: [50/79]	Loss 1.8841 (1.8024)	Accuracy 50.000 (51.486)
valid_accuracy 51.320
Apply Unstructured L1 Pruning
Remove Pruning
* current-mask-distance is = 0.11238867789506912
0.1
Epoch: [13][0/352]	Loss 1.4002 (1.4002)	Accuracy 63.281 (63.281)	Time 0.06
Epoch: [13][50/352]	Loss 1.5026 (1.5386)	Accuracy 56.250 (56.863)	Time 2.67
Epoch: [13][100/352]	Loss 1.5489 (1.5682)	Accuracy 53.125 (55.786)	Time 2.74
Epoch: [13][150/352]	Loss 1.8132 (1.5790)	Accuracy 53.125 (55.671)	Time 2.51
Epoch: [13][200/352]	Loss 1.4919 (1.5784)	Accuracy 57.812 (55.632)	Time 2.48
Epoch: [13][250/352]	Loss 1.7666 (1.5873)	Accuracy 50.781 (55.375)	Time 2.47
Epoch: [13][300/352]	Loss 1.8265 (1.5949)	Accuracy 50.000 (55.201)	Time 2.39
Epoch: [13][350/352]	Loss 1.4857 (1.5978)	Accuracy 59.375 (55.173)	Time 2.45
train_accuracy 55.180
Test: [0/40]	Loss 2.0201 (2.0201)	Accuracy 50.000 (50.000)
valid_accuracy 49.820
Test: [0/79]	Loss 1.8847 (1.8847)	Accuracy 55.469 (55.469)
Test: [50/79]	Loss 1.9379 (1.8873)	Accuracy 42.969 (50.230)
valid_accuracy 50.590
Apply Unstructured L1 Pruning
Remove Pruning
* current-mask-distance is = 0.1114996075630188
0.1
Epoch: [14][0/352]	Loss 1.5577 (1.5577)	Accuracy 57.031 (57.031)	Time 0.05
Epoch: [14][50/352]	Loss 1.7042 (1.5234)	Accuracy 54.688 (56.342)	Time 2.69
Epoch: [14][100/352]	Loss 1.5905 (1.5279)	Accuracy 60.156 (56.320)	Time 2.68
Epoch: [14][150/352]	Loss 1.7116 (1.5372)	Accuracy 51.562 (56.131)	Time 2.68
Epoch: [14][200/352]	Loss 1.5218 (1.5421)	Accuracy 53.125 (55.920)	Time 2.70
Epoch: [14][250/352]	Loss 1.4756 (1.5461)	Accuracy 54.688 (55.805)	Time 2.70
Epoch: [14][300/352]	Loss 1.4705 (1.5496)	Accuracy 61.719 (55.806)	Time 2.81
Epoch: [14][350/352]	Loss 1.3619 (1.5518)	Accuracy 58.594 (55.843)	Time 2.80
train_accuracy 55.851
Test: [0/40]	Loss 2.1058 (2.1058)	Accuracy 45.312 (45.312)
valid_accuracy 45.800
Test: [0/79]	Loss 2.1720 (2.1720)	Accuracy 47.656 (47.656)
Test: [50/79]	Loss 2.1259 (2.2102)	Accuracy 52.344 (46.170)
valid_accuracy 46.170
Apply Unstructured L1 Pruning
Remove Pruning
* current-mask-distance is = 0.11128294467926025
0.1
Epoch: [15][0/352]	Loss 1.4630 (1.4630)	Accuracy 57.031 (57.031)	Time 0.06
Epoch: [15][50/352]	Loss 1.3975 (1.4978)	Accuracy 58.594 (57.246)	Time 2.51
Epoch: [15][100/352]	Loss 1.4626 (1.5150)	Accuracy 54.688 (56.644)	Time 2.46
Epoch: [15][150/352]	Loss 1.4653 (1.5261)	Accuracy 59.375 (56.602)	Time 2.42
Epoch: [15][200/352]	Loss 1.5596 (1.5305)	Accuracy 54.688 (56.514)	Time 2.58
Epoch: [15][250/352]	Loss 1.4933 (1.5282)	Accuracy 57.031 (56.652)	Time 2.46
Epoch: [15][300/352]	Loss 1.4912 (1.5281)	Accuracy 60.156 (56.717)	Time 2.44
Epoch: [15][350/352]	Loss 1.5838 (1.5321)	Accuracy 56.250 (56.742)	Time 2.43
train_accuracy 56.736
Test: [0/40]	Loss 2.1665 (2.1665)	Accuracy 43.750 (43.750)
valid_accuracy 49.260
Test: [0/79]	Loss 1.8735 (1.8735)	Accuracy 53.906 (53.906)
Test: [50/79]	Loss 2.1015 (1.9478)	Accuracy 48.438 (49.494)
valid_accuracy 49.710
Apply Unstructured L1 Pruning
Remove Pruning
* current-mask-distance is = 0.10948239266872406
0.1
Epoch: [16][0/352]	Loss 1.2736 (1.2736)	Accuracy 60.156 (60.156)	Time 0.10
Epoch: [16][50/352]	Loss 1.5608 (1.4520)	Accuracy 59.375 (58.349)	Time 2.41
Epoch: [16][100/352]	Loss 1.6438 (1.4590)	Accuracy 50.000 (58.578)	Time 2.41
Epoch: [16][150/352]	Loss 1.4267 (1.4837)	Accuracy 54.688 (57.957)	Time 2.42
Epoch: [16][200/352]	Loss 1.4275 (1.4978)	Accuracy 59.375 (57.603)	Time 2.41
Epoch: [16][250/352]	Loss 1.4882 (1.5057)	Accuracy 50.781 (57.314)	Time 2.55
Epoch: [16][300/352]	Loss 1.5547 (1.5045)	Accuracy 48.438 (57.322)	Time 2.45
Epoch: [16][350/352]	Loss 1.6566 (1.5007)	Accuracy 49.219 (57.378)	Time 2.45
train_accuracy 57.378
Test: [0/40]	Loss 2.0472 (2.0472)	Accuracy 41.406 (41.406)
valid_accuracy 48.580
Test: [0/79]	Loss 1.9341 (1.9341)	Accuracy 50.781 (50.781)
Test: [50/79]	Loss 1.9745 (1.9354)	Accuracy 47.656 (48.928)
valid_accuracy 48.780
Apply Unstructured L1 Pruning
Remove Pruning
* current-mask-distance is = 0.10656116902828217
0.1
Epoch: [17][0/352]	Loss 1.5281 (1.5281)	Accuracy 55.469 (55.469)	Time 0.05
Epoch: [17][50/352]	Loss 1.5705 (1.4610)	Accuracy 58.594 (58.134)	Time 2.43
Epoch: [17][100/352]	Loss 1.4130 (1.4585)	Accuracy 67.188 (58.145)	Time 2.42
Epoch: [17][150/352]	Loss 1.6938 (1.4469)	Accuracy 57.031 (58.335)	Time 2.42
Epoch: [17][200/352]	Loss 1.6824 (1.4538)	Accuracy 51.562 (58.318)	Time 2.80
Epoch: [17][250/352]	Loss 1.5469 (1.4589)	Accuracy 55.469 (58.242)	Time 2.90
Epoch: [17][300/352]	Loss 1.7254 (1.4645)	Accuracy 54.688 (58.075)	Time 2.76
Epoch: [17][350/352]	Loss 1.4275 (1.4685)	Accuracy 60.938 (58.002)	Time 2.78
train_accuracy 58.007
Test: [0/40]	Loss 2.0771 (2.0771)	Accuracy 44.531 (44.531)
valid_accuracy 47.940
Test: [0/79]	Loss 1.7080 (1.7080)	Accuracy 51.562 (51.562)
Test: [50/79]	Loss 1.8889 (1.9693)	Accuracy 49.219 (48.912)
valid_accuracy 49.040
Apply Unstructured L1 Pruning
Remove Pruning
* current-mask-distance is = 0.10617267340421677
0.1
Epoch: [18][0/352]	Loss 1.4879 (1.4879)	Accuracy 58.594 (58.594)	Time 0.06
Epoch: [18][50/352]	Loss 1.3639 (1.4038)	Accuracy 65.625 (59.161)	Time 2.77
Epoch: [18][100/352]	Loss 1.5659 (1.4209)	Accuracy 50.000 (58.733)	Time 2.58
Epoch: [18][150/352]	Loss 1.3034 (1.4268)	Accuracy 60.156 (58.899)	Time 2.38
Epoch: [18][200/352]	Loss 1.4664 (1.4247)	Accuracy 57.812 (59.099)	Time 2.39
Epoch: [18][250/352]	Loss 1.0672 (1.4293)	Accuracy 69.531 (58.958)	Time 2.40
Epoch: [18][300/352]	Loss 1.5872 (1.4370)	Accuracy 57.812 (58.840)	Time 2.40
Epoch: [18][350/352]	Loss 1.5536 (1.4400)	Accuracy 50.000 (58.685)	Time 2.38
train_accuracy 58.689
Test: [0/40]	Loss 1.9958 (1.9958)	Accuracy 49.219 (49.219)
valid_accuracy 51.180
Test: [0/79]	Loss 1.8622 (1.8622)	Accuracy 54.688 (54.688)
Test: [50/79]	Loss 1.7695 (1.9082)	Accuracy 50.781 (50.414)
valid_accuracy 50.550
Apply Unstructured L1 Pruning
Remove Pruning
* current-mask-distance is = 0.10524624586105347
0.1
Epoch: [19][0/352]	Loss 1.3251 (1.3251)	Accuracy 64.062 (64.062)	Time 0.05
Epoch: [19][50/352]	Loss 1.4292 (1.3695)	Accuracy 58.594 (60.677)	Time 2.42
Epoch: [19][100/352]	Loss 1.2161 (1.3833)	Accuracy 68.750 (60.334)	Time 2.40
Epoch: [19][150/352]	Loss 1.4179 (1.3957)	Accuracy 55.469 (59.970)	Time 2.39
Epoch: [19][200/352]	Loss 1.6218 (1.4092)	Accuracy 57.031 (59.698)	Time 2.40
Epoch: [19][250/352]	Loss 1.3669 (1.4133)	Accuracy 58.594 (59.596)	Time 2.46
Epoch: [19][300/352]	Loss 1.6400 (1.4204)	Accuracy 53.906 (59.440)	Time 2.33
Epoch: [19][350/352]	Loss 1.6188 (1.4210)	Accuracy 54.688 (59.417)	Time 2.40
train_accuracy 59.422
Test: [0/40]	Loss 1.9593 (1.9593)	Accuracy 50.000 (50.000)
valid_accuracy 49.080
Test: [0/79]	Loss 1.9113 (1.9113)	Accuracy 57.031 (57.031)
Test: [50/79]	Loss 2.1228 (2.0042)	Accuracy 42.969 (49.632)
valid_accuracy 49.800
Apply Unstructured L1 Pruning
Remove Pruning
* current-mask-distance is = 0.10475315153598785
0.1
Epoch: [20][0/352]	Loss 1.4002 (1.4002)	Accuracy 60.156 (60.156)	Time 0.05
Epoch: [20][50/352]	Loss 1.2337 (1.3570)	Accuracy 62.500 (60.830)	Time 2.40
Epoch: [20][100/352]	Loss 1.3014 (1.3768)	Accuracy 64.844 (60.497)	Time 2.37
Epoch: [20][150/352]	Loss 1.3020 (1.3836)	Accuracy 61.719 (60.224)	Time 2.38
Epoch: [20][200/352]	Loss 1.6147 (1.3870)	Accuracy 54.688 (60.137)	Time 2.37
Epoch: [20][250/352]	Loss 1.4326 (1.3892)	Accuracy 56.250 (60.106)	Time 2.43
Epoch: [20][300/352]	Loss 1.4321 (1.3932)	Accuracy 58.594 (59.998)	Time 2.38
Epoch: [20][350/352]	Loss 1.4708 (1.3928)	Accuracy 55.469 (59.927)	Time 2.38
train_accuracy 59.920
Test: [0/40]	Loss 2.0833 (2.0833)	Accuracy 48.438 (48.438)
valid_accuracy 51.080
Test: [0/79]	Loss 1.7674 (1.7674)	Accuracy 63.281 (63.281)
Test: [50/79]	Loss 1.9897 (1.8348)	Accuracy 50.781 (51.700)
valid_accuracy 52.080
Apply Unstructured L1 Pruning
Remove Pruning
* current-mask-distance is = 0.10451406985521317
0.1
Epoch: [21][0/352]	Loss 1.3887 (1.3887)	Accuracy 62.500 (62.500)	Time 0.05
Epoch: [21][50/352]	Loss 1.2533 (1.3460)	Accuracy 64.844 (60.983)	Time 2.73
Epoch: [21][100/352]	Loss 1.8150 (1.3399)	Accuracy 49.219 (61.224)	Time 2.32
Epoch: [21][150/352]	Loss 1.4350 (1.3478)	Accuracy 54.688 (61.031)	Time 2.37
Epoch: [21][200/352]	Loss 1.2891 (1.3524)	Accuracy 58.594 (60.891)	Time 2.38
Epoch: [21][250/352]	Loss 1.6061 (1.3594)	Accuracy 58.594 (60.763)	Time 2.36
Epoch: [21][300/352]	Loss 1.5865 (1.3623)	Accuracy 51.562 (60.844)	Time 2.32
Epoch: [21][350/352]	Loss 1.3317 (1.3705)	Accuracy 63.281 (60.684)	Time 2.34
train_accuracy 60.664
Test: [0/40]	Loss 1.9091 (1.9091)	Accuracy 54.688 (54.688)
valid_accuracy 53.020
Test: [0/79]	Loss 1.5417 (1.5417)	Accuracy 64.062 (64.062)
Test: [50/79]	Loss 1.5923 (1.7053)	Accuracy 50.781 (53.860)
valid_accuracy 53.510
Apply Unstructured L1 Pruning
Remove Pruning
* current-mask-distance is = 0.104192815721035
0.1
Epoch: [22][0/352]	Loss 1.5058 (1.5058)	Accuracy 53.906 (53.906)	Time 0.05
Epoch: [22][50/352]	Loss 1.3026 (1.3452)	Accuracy 60.156 (60.692)	Time 2.38
Epoch: [22][100/352]	Loss 1.2474 (1.3575)	Accuracy 67.969 (60.504)	Time 2.37
Epoch: [22][150/352]	Loss 1.4607 (1.3641)	Accuracy 57.031 (60.622)	Time 2.38
Epoch: [22][200/352]	Loss 1.3255 (1.3603)	Accuracy 66.406 (60.813)	Time 2.39
Epoch: [22][250/352]	Loss 1.1330 (1.3611)	Accuracy 70.312 (60.648)	Time 2.34
Epoch: [22][300/352]	Loss 1.5145 (1.3586)	Accuracy 65.625 (60.922)	Time 2.39
Epoch: [22][350/352]	Loss 1.4918 (1.3594)	Accuracy 53.125 (60.944)	Time 2.41
train_accuracy 60.942
Test: [0/40]	Loss 2.3984 (2.3984)	Accuracy 47.656 (47.656)
valid_accuracy 47.280
Test: [0/79]	Loss 2.0916 (2.0916)	Accuracy 50.781 (50.781)
Test: [50/79]	Loss 2.2075 (2.2287)	Accuracy 49.219 (48.146)
valid_accuracy 47.880
Apply Unstructured L1 Pruning
Remove Pruning
* current-mask-distance is = 0.10352040827274323
0.1
Epoch: [23][0/352]	Loss 1.2848 (1.2848)	Accuracy 67.188 (67.188)	Time 0.05
Epoch: [23][50/352]	Loss 1.3056 (1.3056)	Accuracy 60.938 (62.408)	Time 2.26
Epoch: [23][100/352]	Loss 1.2623 (1.3131)	Accuracy 65.625 (62.106)	Time 2.20
Epoch: [23][150/352]	Loss 1.4959 (1.3289)	Accuracy 59.375 (61.641)	Time 2.22
Epoch: [23][200/352]	Loss 1.4747 (1.3336)	Accuracy 59.375 (61.513)	Time 2.19
Epoch: [23][250/352]	Loss 1.2596 (1.3358)	Accuracy 67.188 (61.566)	Time 2.19
Epoch: [23][300/352]	Loss 1.1838 (1.3386)	Accuracy 67.969 (61.480)	Time 2.21
Epoch: [23][350/352]	Loss 1.3240 (1.3405)	Accuracy 63.281 (61.554)	Time 2.25
train_accuracy 61.540
Test: [0/40]	Loss 1.8844 (1.8844)	Accuracy 50.781 (50.781)
valid_accuracy 52.920
Test: [0/79]	Loss 1.6699 (1.6699)	Accuracy 57.031 (57.031)
Test: [50/79]	Loss 1.8786 (1.8061)	Accuracy 53.125 (52.543)
valid_accuracy 52.850
Apply Unstructured L1 Pruning
Remove Pruning
* current-mask-distance is = 0.10212329775094986
0.1
Epoch: [24][0/352]	Loss 1.4396 (1.4396)	Accuracy 54.688 (54.688)	Time 0.05
Epoch: [24][50/352]	Loss 1.4028 (1.2672)	Accuracy 54.688 (62.362)	Time 2.40
Epoch: [24][100/352]	Loss 1.3234 (1.3030)	Accuracy 59.375 (62.113)	Time 2.42
Epoch: [24][150/352]	Loss 1.5224 (1.3101)	Accuracy 57.812 (61.967)	Time 2.39
Epoch: [24][200/352]	Loss 1.3204 (1.3161)	Accuracy 66.406 (61.859)	Time 2.39
Epoch: [24][250/352]	Loss 1.2909 (1.3281)	Accuracy 54.688 (61.464)	Time 2.40
Epoch: [24][300/352]	Loss 1.5050 (1.3360)	Accuracy 60.156 (61.387)	Time 2.42
Epoch: [24][350/352]	Loss 1.3580 (1.3345)	Accuracy 62.500 (61.358)	Time 2.40
train_accuracy 61.371
Test: [0/40]	Loss 1.8032 (1.8032)	Accuracy 50.000 (50.000)
valid_accuracy 52.980
Test: [0/79]	Loss 1.5995 (1.5995)	Accuracy 64.062 (64.062)
Test: [50/79]	Loss 1.9455 (1.7745)	Accuracy 50.000 (53.339)
valid_accuracy 53.050
Apply Unstructured L1 Pruning
Remove Pruning
* current-mask-distance is = 0.10340087115764618
0.1
Epoch: [25][0/352]	Loss 1.3311 (1.3311)	Accuracy 60.938 (60.938)	Time 0.12
Epoch: [25][50/352]	Loss 1.1298 (1.2865)	Accuracy 67.969 (63.097)	Time 2.50
Epoch: [25][100/352]	Loss 1.1386 (1.2838)	Accuracy 67.969 (62.972)	Time 2.81
Epoch: [25][150/352]	Loss 1.2554 (1.2847)	Accuracy 64.062 (62.717)	Time 2.75
Epoch: [25][200/352]	Loss 1.2667 (1.2935)	Accuracy 65.625 (62.477)	Time 2.73
Epoch: [25][250/352]	Loss 1.1553 (1.2975)	Accuracy 67.969 (62.450)	Time 2.74
Epoch: [25][300/352]	Loss 1.3781 (1.3026)	Accuracy 57.812 (62.344)	Time 2.72
Epoch: [25][350/352]	Loss 1.1426 (1.3062)	Accuracy 67.188 (62.253)	Time 2.72
train_accuracy 62.251
Test: [0/40]	Loss 1.8602 (1.8602)	Accuracy 56.250 (56.250)
valid_accuracy 56.100
Test: [0/79]	Loss 1.5376 (1.5376)	Accuracy 57.812 (57.812)
Test: [50/79]	Loss 1.4749 (1.6032)	Accuracy 60.156 (57.307)
valid_accuracy 57.170
Apply Unstructured L1 Pruning
Remove Pruning
* current-mask-distance is = 0.10134629905223846
0.1
Epoch: [26][0/352]	Loss 0.9509 (0.9509)	Accuracy 70.312 (70.312)	Time 0.06
Epoch: [26][50/352]	Loss 1.2512 (1.2268)	Accuracy 63.281 (63.971)	Time 2.77
Epoch: [26][100/352]	Loss 1.1412 (1.2452)	Accuracy 67.188 (63.413)	Time 2.76
Epoch: [26][150/352]	Loss 1.2767 (1.2597)	Accuracy 59.375 (63.323)	Time 2.84
Epoch: [26][200/352]	Loss 1.3986 (1.2749)	Accuracy 57.812 (62.861)	Time 2.90
Epoch: [26][250/352]	Loss 1.1923 (1.2871)	Accuracy 64.844 (62.687)	Time 2.75
Epoch: [26][300/352]	Loss 1.4301 (1.2924)	Accuracy 62.500 (62.583)	Time 2.79
Epoch: [26][350/352]	Loss 1.2010 (1.2932)	Accuracy 65.625 (62.496)	Time 2.74
train_accuracy 62.496
Test: [0/40]	Loss 1.8594 (1.8594)	Accuracy 51.562 (51.562)
valid_accuracy 53.600
Test: [0/79]	Loss 1.5391 (1.5391)	Accuracy 57.812 (57.812)
Test: [50/79]	Loss 1.8677 (1.7316)	Accuracy 46.875 (53.232)
valid_accuracy 53.390
Apply Unstructured L1 Pruning
Remove Pruning
* current-mask-distance is = 0.10260145366191864
0.1
Epoch: [27][0/352]	Loss 1.2975 (1.2975)	Accuracy 59.375 (59.375)	Time 0.06
Epoch: [27][50/352]	Loss 1.2751 (1.2374)	Accuracy 63.281 (63.741)	Time 2.74
Epoch: [27][100/352]	Loss 1.3807 (1.2396)	Accuracy 60.156 (63.637)	Time 2.69
Epoch: [27][150/352]	Loss 1.1721 (1.2558)	Accuracy 65.625 (63.380)	Time 2.90
Epoch: [27][200/352]	Loss 1.4230 (1.2651)	Accuracy 58.594 (63.223)	Time 2.82
Epoch: [27][250/352]	Loss 1.2243 (1.2747)	Accuracy 64.062 (63.029)	Time 2.92
Epoch: [27][300/352]	Loss 1.3368 (1.2779)	Accuracy 59.375 (63.029)	Time 2.77
Epoch: [27][350/352]	Loss 1.2592 (1.2829)	Accuracy 65.625 (63.036)	Time 2.75
train_accuracy 63.024
Test: [0/40]	Loss 1.9246 (1.9246)	Accuracy 51.562 (51.562)
valid_accuracy 50.500
Test: [0/79]	Loss 1.7678 (1.7678)	Accuracy 54.688 (54.688)
Test: [50/79]	Loss 1.8914 (1.8863)	Accuracy 50.781 (51.042)
valid_accuracy 50.920
Apply Unstructured L1 Pruning
Remove Pruning
* current-mask-distance is = 0.10118940472602844
0.1
Epoch: [28][0/352]	Loss 1.0927 (1.0927)	Accuracy 69.531 (69.531)	Time 0.05
Epoch: [28][50/352]	Loss 1.1704 (1.2355)	Accuracy 62.500 (64.338)	Time 2.45
Epoch: [28][100/352]	Loss 1.3127 (1.2516)	Accuracy 60.938 (63.730)	Time 2.43
Epoch: [28][150/352]	Loss 1.2995 (1.2520)	Accuracy 59.375 (63.607)	Time 2.43
Epoch: [28][200/352]	Loss 1.3709 (1.2491)	Accuracy 60.156 (63.549)	Time 2.43
Epoch: [28][250/352]	Loss 1.3794 (1.2536)	Accuracy 60.938 (63.518)	Time 2.43
Epoch: [28][300/352]	Loss 1.2879 (1.2571)	Accuracy 65.625 (63.546)	Time 2.42
Epoch: [28][350/352]	Loss 1.2732 (1.2603)	Accuracy 66.406 (63.495)	Time 2.43
train_accuracy 63.502
Test: [0/40]	Loss 1.9123 (1.9123)	Accuracy 46.094 (46.094)
valid_accuracy 47.760
Test: [0/79]	Loss 1.8118 (1.8118)	Accuracy 52.344 (52.344)
Test: [50/79]	Loss 2.0422 (2.0489)	Accuracy 46.094 (48.637)
valid_accuracy 48.670
Apply Unstructured L1 Pruning
Remove Pruning
* current-mask-distance is = 0.100487120449543
0.1
Epoch: [29][0/352]	Loss 1.2940 (1.2940)	Accuracy 60.938 (60.938)	Time 0.06
Epoch: [29][50/352]	Loss 1.2410 (1.2047)	Accuracy 60.156 (65.319)	Time 2.78
Epoch: [29][100/352]	Loss 1.1731 (1.2158)	Accuracy 64.844 (64.666)	Time 2.86
Epoch: [29][150/352]	Loss 1.3817 (1.2388)	Accuracy 60.156 (63.990)	Time 2.76
Epoch: [29][200/352]	Loss 1.3394 (1.2383)	Accuracy 60.156 (64.117)	Time 2.77
Epoch: [29][250/352]	Loss 1.4628 (1.2526)	Accuracy 58.594 (63.736)	Time 2.86
Epoch: [29][300/352]	Loss 0.9737 (1.2586)	Accuracy 67.188 (63.471)	Time 2.88
Epoch: [29][350/352]	Loss 1.1760 (1.2615)	Accuracy 64.062 (63.415)	Time 2.90
train_accuracy 63.402
Test: [0/40]	Loss 1.8217 (1.8217)	Accuracy 50.000 (50.000)
valid_accuracy 55.380
Test: [0/79]	Loss 1.7305 (1.7305)	Accuracy 57.812 (57.812)
Test: [50/79]	Loss 1.7345 (1.6600)	Accuracy 53.906 (54.350)
valid_accuracy 54.180
Apply Unstructured L1 Pruning
Remove Pruning
* current-mask-distance is = 0.10054688900709152
0.1
Epoch: [30][0/352]	Loss 1.1929 (1.1929)	Accuracy 66.406 (66.406)	Time 0.06
Epoch: [30][50/352]	Loss 1.2639 (1.2002)	Accuracy 67.188 (64.445)	Time 2.84
Epoch: [30][100/352]	Loss 1.2567 (1.2102)	Accuracy 67.188 (64.511)	Time 2.89
Epoch: [30][150/352]	Loss 1.0930 (1.2155)	Accuracy 70.312 (64.368)	Time 2.77
Epoch: [30][200/352]	Loss 1.0819 (1.2280)	Accuracy 66.406 (64.062)	Time 2.77
Epoch: [30][250/352]	Loss 1.2706 (1.2348)	Accuracy 60.938 (63.982)	Time 2.83
Epoch: [30][300/352]	Loss 1.4319 (1.2390)	Accuracy 62.500 (63.925)	Time 2.81
Epoch: [30][350/352]	Loss 1.3431 (1.2510)	Accuracy 61.719 (63.693)	Time 2.82
train_accuracy 63.689
Test: [0/40]	Loss 2.1286 (2.1286)	Accuracy 51.562 (51.562)
valid_accuracy 53.040
Test: [0/79]	Loss 1.6856 (1.6856)	Accuracy 56.250 (56.250)
Test: [50/79]	Loss 1.6457 (1.7853)	Accuracy 53.125 (53.156)
valid_accuracy 53.250
Apply Unstructured L1 Pruning
Remove Pruning
* current-mask-distance is = 0.10095033049583435
0.1
Epoch: [31][0/352]	Loss 1.1996 (1.1996)	Accuracy 67.969 (67.969)	Time 0.05
Epoch: [31][50/352]	Loss 1.3342 (1.2186)	Accuracy 63.281 (64.292)	Time 2.51
Epoch: [31][100/352]	Loss 1.1130 (1.2127)	Accuracy 70.312 (64.511)	Time 2.43
Epoch: [31][150/352]	Loss 1.2216 (1.2081)	Accuracy 69.531 (64.797)	Time 2.44
Epoch: [31][200/352]	Loss 1.1549 (1.2234)	Accuracy 67.188 (64.412)	Time 2.42
Epoch: [31][250/352]	Loss 1.2710 (1.2267)	Accuracy 62.500 (64.252)	Time 2.40
Epoch: [31][300/352]	Loss 1.4668 (1.2337)	Accuracy 51.562 (64.099)	Time 2.48
Epoch: [31][350/352]	Loss 1.3675 (1.2355)	Accuracy 60.938 (64.067)	Time 2.43
train_accuracy 64.051
Test: [0/40]	Loss 1.7218 (1.7218)	Accuracy 50.000 (50.000)
valid_accuracy 56.140
Test: [0/79]	Loss 1.6437 (1.6437)	Accuracy 60.156 (60.156)
Test: [50/79]	Loss 1.4702 (1.6306)	Accuracy 60.156 (56.602)
valid_accuracy 56.730
Apply Unstructured L1 Pruning
Remove Pruning
* current-mask-distance is = 0.10056182742118835
0.1
Epoch: [32][0/352]	Loss 1.2410 (1.2410)	Accuracy 62.500 (62.500)	Time 0.05
Epoch: [32][50/352]	Loss 1.3726 (1.2016)	Accuracy 57.031 (65.150)	Time 2.38
Epoch: [32][100/352]	Loss 1.2179 (1.1932)	Accuracy 66.406 (65.238)	Time 2.37
Epoch: [32][150/352]	Loss 1.2202 (1.2097)	Accuracy 59.375 (64.575)	Time 2.46
Epoch: [32][200/352]	Loss 1.1290 (1.2159)	Accuracy 65.625 (64.521)	Time 2.40
Epoch: [32][250/352]	Loss 1.2805 (1.2226)	Accuracy 60.938 (64.417)	Time 2.42
Epoch: [32][300/352]	Loss 1.1817 (1.2205)	Accuracy 64.844 (64.512)	Time 2.45
Epoch: [32][350/352]	Loss 1.3399 (1.2249)	Accuracy 60.156 (64.361)	Time 2.42
train_accuracy 64.362
Test: [0/40]	Loss 1.5815 (1.5815)	Accuracy 53.906 (53.906)
valid_accuracy 54.460
Test: [0/79]	Loss 1.6373 (1.6373)	Accuracy 56.250 (56.250)
Test: [50/79]	Loss 1.6811 (1.7888)	Accuracy 57.812 (54.059)
valid_accuracy 53.900
Apply Unstructured L1 Pruning
Remove Pruning
* current-mask-distance is = 0.09927678853273392
0.1
Epoch: [33][0/352]	Loss 1.3693 (1.3693)	Accuracy 63.281 (63.281)	Time 0.05
Epoch: [33][50/352]	Loss 1.3035 (1.2070)	Accuracy 64.062 (64.798)	Time 2.40
Epoch: [33][100/352]	Loss 1.1801 (1.1916)	Accuracy 65.625 (65.084)	Time 2.37
Epoch: [33][150/352]	Loss 1.2241 (1.1941)	Accuracy 64.844 (65.051)	Time 2.37
Epoch: [33][200/352]	Loss 1.0222 (1.2052)	Accuracy 71.875 (64.817)	Time 2.38
Epoch: [33][250/352]	Loss 1.1400 (1.2053)	Accuracy 67.969 (64.813)	Time 2.38
Epoch: [33][300/352]	Loss 1.2792 (1.2108)	Accuracy 62.500 (64.691)	Time 2.38
Epoch: [33][350/352]	Loss 1.3961 (1.2155)	Accuracy 57.031 (64.608)	Time 2.46
train_accuracy 64.607
Test: [0/40]	Loss 2.0721 (2.0721)	Accuracy 49.219 (49.219)
valid_accuracy 55.180
Test: [0/79]	Loss 1.6601 (1.6601)	Accuracy 55.469 (55.469)
Test: [50/79]	Loss 1.6696 (1.7237)	Accuracy 60.156 (55.821)
valid_accuracy 55.650
Apply Unstructured L1 Pruning
Remove Pruning
* current-mask-distance is = 0.09866415709257126
0.1
Epoch: [34][0/352]	Loss 1.2364 (1.2364)	Accuracy 60.156 (60.156)	Time 0.10
Epoch: [34][50/352]	Loss 1.2042 (1.1858)	Accuracy 64.844 (64.997)	Time 2.41
Epoch: [34][100/352]	Loss 1.5913 (1.1901)	Accuracy 60.156 (65.053)	Time 2.41
Epoch: [34][150/352]	Loss 1.2912 (1.1988)	Accuracy 62.500 (64.823)	Time 2.38
Epoch: [34][200/352]	Loss 1.1308 (1.1968)	Accuracy 66.406 (64.995)	Time 2.46
Epoch: [34][250/352]	Loss 0.9772 (1.1982)	Accuracy 72.656 (64.903)	Time 2.79
Epoch: [34][300/352]	Loss 1.1698 (1.2023)	Accuracy 64.844 (64.828)	Time 2.65
Epoch: [34][350/352]	Loss 1.0367 (1.2044)	Accuracy 65.625 (64.744)	Time 2.54
train_accuracy 64.744
Test: [0/40]	Loss 1.8764 (1.8764)	Accuracy 50.781 (50.781)
valid_accuracy 54.100
Test: [0/79]	Loss 1.5007 (1.5007)	Accuracy 59.375 (59.375)
Test: [50/79]	Loss 1.8064 (1.7621)	Accuracy 49.219 (54.029)
valid_accuracy 54.110
Apply Unstructured L1 Pruning
Remove Pruning
* current-mask-distance is = 0.09808140248060226
0.1
Epoch: [35][0/352]	Loss 1.2050 (1.2050)	Accuracy 66.406 (66.406)	Time 0.06
Epoch: [35][50/352]	Loss 1.2096 (1.1618)	Accuracy 63.281 (65.748)	Time 2.72
Epoch: [35][100/352]	Loss 1.0905 (1.1721)	Accuracy 64.844 (65.602)	Time 2.70
Epoch: [35][150/352]	Loss 1.1305 (1.1859)	Accuracy 65.625 (65.066)	Time 2.51
Epoch: [35][200/352]	Loss 0.9812 (1.1833)	Accuracy 70.312 (65.201)	Time 2.36
Epoch: [35][250/352]	Loss 1.3568 (1.1870)	Accuracy 60.938 (65.121)	Time 2.37
Epoch: [35][300/352]	Loss 1.1688 (1.1859)	Accuracy 64.844 (65.197)	Time 2.40
Epoch: [35][350/352]	Loss 1.4871 (1.1969)	Accuracy 60.938 (64.855)	Time 2.43
train_accuracy 64.847
Test: [0/40]	Loss 1.9860 (1.9860)	Accuracy 50.781 (50.781)
valid_accuracy 50.420
Test: [0/79]	Loss 1.9161 (1.9161)	Accuracy 50.781 (50.781)
Test: [50/79]	Loss 1.9582 (1.9250)	Accuracy 48.438 (51.501)
valid_accuracy 51.590
Apply Unstructured L1 Pruning
Remove Pruning
* current-mask-distance is = 0.09924690425395966
0.1
Epoch: [36][0/352]	Loss 1.1191 (1.1191)	Accuracy 66.406 (66.406)	Time 0.05
Epoch: [36][50/352]	Loss 1.2282 (1.1676)	Accuracy 64.844 (66.176)	Time 2.38
Epoch: [36][100/352]	Loss 1.2076 (1.1855)	Accuracy 67.188 (65.501)	Time 2.38
Epoch: [36][150/352]	Loss 1.1624 (1.1850)	Accuracy 68.750 (65.408)	Time 2.45
Epoch: [36][200/352]	Loss 1.3159 (1.1849)	Accuracy 60.156 (65.384)	Time 2.40
Epoch: [36][250/352]	Loss 1.3599 (1.1860)	Accuracy 57.031 (65.248)	Time 2.41
Epoch: [36][300/352]	Loss 1.2866 (1.1926)	Accuracy 65.625 (65.124)	Time 2.38
Epoch: [36][350/352]	Loss 1.2873 (1.1965)	Accuracy 62.500 (64.984)	Time 2.39
train_accuracy 64.982
Test: [0/40]	Loss 1.8254 (1.8254)	Accuracy 50.781 (50.781)
valid_accuracy 54.120
Test: [0/79]	Loss 1.5155 (1.5155)	Accuracy 66.406 (66.406)
Test: [50/79]	Loss 1.8007 (1.7416)	Accuracy 53.906 (54.228)
valid_accuracy 54.130
Apply Unstructured L1 Pruning
Remove Pruning
* current-mask-distance is = 0.09981471300125122
0.1
Epoch: [37][0/352]	Loss 1.0457 (1.0457)	Accuracy 67.188 (67.188)	Time 0.05
Epoch: [37][50/352]	Loss 1.0359 (1.1666)	Accuracy 72.656 (65.962)	Time 2.51
Epoch: [37][100/352]	Loss 1.2953 (1.1753)	Accuracy 61.719 (65.524)	Time 2.39
Epoch: [37][150/352]	Loss 1.0374 (1.1660)	Accuracy 67.969 (65.796)	Time 2.41
Epoch: [37][200/352]	Loss 1.1649 (1.1732)	Accuracy 64.844 (65.679)	Time 2.40
Epoch: [37][250/352]	Loss 0.9129 (1.1758)	Accuracy 74.219 (65.641)	Time 2.39
Epoch: [37][300/352]	Loss 1.1780 (1.1819)	Accuracy 63.281 (65.480)	Time 2.40
Epoch: [37][350/352]	Loss 1.1567 (1.1804)	Accuracy 67.188 (65.574)	Time 2.40
train_accuracy 65.573
Test: [0/40]	Loss 2.1311 (2.1311)	Accuracy 50.781 (50.781)
valid_accuracy 52.260
Test: [0/79]	Loss 1.5785 (1.5785)	Accuracy 57.812 (57.812)
Test: [50/79]	Loss 2.0112 (1.9397)	Accuracy 53.125 (52.344)
valid_accuracy 52.060
Apply Unstructured L1 Pruning
Remove Pruning
* current-mask-distance is = 0.09716244786977768
0.1
Epoch: [38][0/352]	Loss 0.9018 (0.9018)	Accuracy 76.562 (76.562)	Time 0.05
Epoch: [38][50/352]	Loss 1.1275 (1.1127)	Accuracy 64.844 (67.096)	Time 2.42
Epoch: [38][100/352]	Loss 1.3045 (1.1381)	Accuracy 61.719 (66.801)	Time 2.41
Epoch: [38][150/352]	Loss 1.3672 (1.1551)	Accuracy 59.375 (66.189)	Time 2.39
Epoch: [38][200/352]	Loss 0.9422 (1.1596)	Accuracy 71.094 (65.986)	Time 2.62
Epoch: [38][250/352]	Loss 0.9610 (1.1610)	Accuracy 71.875 (65.914)	Time 2.54
Epoch: [38][300/352]	Loss 1.4235 (1.1699)	Accuracy 60.156 (65.687)	Time 2.66
Epoch: [38][350/352]	Loss 1.0637 (1.1701)	Accuracy 67.969 (65.643)	Time 2.41
train_accuracy 65.640
Test: [0/40]	Loss 2.1718 (2.1718)	Accuracy 47.656 (47.656)
valid_accuracy 49.580
Test: [0/79]	Loss 1.9855 (1.9855)	Accuracy 55.469 (55.469)
Test: [50/79]	Loss 2.0833 (2.0622)	Accuracy 53.125 (50.536)
valid_accuracy 50.430
Apply Unstructured L1 Pruning
Remove Pruning
* current-mask-distance is = 0.09881357848644257
0.1
Epoch: [39][0/352]	Loss 1.1103 (1.1103)	Accuracy 66.406 (66.406)	Time 0.06
Epoch: [39][50/352]	Loss 0.9590 (1.1384)	Accuracy 75.000 (66.422)	Time 2.40
Epoch: [39][100/352]	Loss 0.9719 (1.1247)	Accuracy 71.094 (66.832)	Time 2.40
Epoch: [39][150/352]	Loss 1.2162 (1.1367)	Accuracy 62.500 (66.551)	Time 2.41
Epoch: [39][200/352]	Loss 1.0602 (1.1448)	Accuracy 65.625 (66.484)	Time 2.40
Epoch: [39][250/352]	Loss 0.9873 (1.1470)	Accuracy 68.750 (66.372)	Time 2.45
Epoch: [39][300/352]	Loss 1.1890 (1.1624)	Accuracy 68.750 (65.918)	Time 2.41
Epoch: [39][350/352]	Loss 1.1943 (1.1664)	Accuracy 63.281 (65.865)	Time 2.32
train_accuracy 65.867
Test: [0/40]	Loss 1.9463 (1.9463)	Accuracy 51.562 (51.562)
valid_accuracy 51.720
Test: [0/79]	Loss 1.5568 (1.5568)	Accuracy 58.594 (58.594)
Test: [50/79]	Loss 1.9245 (1.8961)	Accuracy 56.250 (51.716)
valid_accuracy 52.040
Apply Unstructured L1 Pruning
Remove Pruning
* current-mask-distance is = 0.09932908415794373
0.1
Epoch: [40][0/352]	Loss 1.1065 (1.1065)	Accuracy 63.281 (63.281)	Time 0.05
Epoch: [40][50/352]	Loss 0.9579 (1.1138)	Accuracy 72.656 (67.188)	Time 2.40
Epoch: [40][100/352]	Loss 1.0942 (1.1133)	Accuracy 66.406 (67.257)	Time 2.38
Epoch: [40][150/352]	Loss 1.0601 (1.1401)	Accuracy 67.969 (66.499)	Time 2.38
Epoch: [40][200/352]	Loss 1.1790 (1.1357)	Accuracy 65.625 (66.721)	Time 2.36
Epoch: [40][250/352]	Loss 1.2721 (1.1524)	Accuracy 59.375 (66.191)	Time 2.40
Epoch: [40][300/352]	Loss 1.1328 (1.1587)	Accuracy 67.188 (65.996)	Time 2.38
Epoch: [40][350/352]	Loss 1.2172 (1.1641)	Accuracy 60.938 (65.825)	Time 2.43
train_accuracy 65.804
Test: [0/40]	Loss 2.0324 (2.0324)	Accuracy 53.125 (53.125)
valid_accuracy 53.420
Test: [0/79]	Loss 1.6289 (1.6289)	Accuracy 59.375 (59.375)
Test: [50/79]	Loss 1.7755 (1.8402)	Accuracy 55.469 (54.167)
valid_accuracy 54.060
Apply Unstructured L1 Pruning
Remove Pruning
* current-mask-distance is = 0.09792450815439224
0.1
Epoch: [41][0/352]	Loss 1.2473 (1.2473)	Accuracy 57.812 (57.812)	Time 0.05
Epoch: [41][50/352]	Loss 1.0552 (1.0957)	Accuracy 68.750 (67.938)	Time 2.37
Epoch: [41][100/352]	Loss 0.9701 (1.0995)	Accuracy 71.094 (67.675)	Time 2.38
Epoch: [41][150/352]	Loss 1.2691 (1.1147)	Accuracy 64.844 (67.100)	Time 2.41
Epoch: [41][200/352]	Loss 1.4619 (1.1274)	Accuracy 53.125 (66.706)	Time 2.38
Epoch: [41][250/352]	Loss 1.0180 (1.1305)	Accuracy 71.094 (66.531)	Time 2.37
Epoch: [41][300/352]	Loss 1.1266 (1.1432)	Accuracy 70.312 (66.253)	Time 2.38
Epoch: [41][350/352]	Loss 1.2284 (1.1544)	Accuracy 58.594 (65.970)	Time 2.41
train_accuracy 65.973
Test: [0/40]	Loss 1.8760 (1.8760)	Accuracy 53.906 (53.906)
valid_accuracy 55.740
Test: [0/79]	Loss 1.5214 (1.5214)	Accuracy 57.031 (57.031)
Test: [50/79]	Loss 1.6945 (1.7052)	Accuracy 57.031 (55.928)
valid_accuracy 55.860
Apply Unstructured L1 Pruning
Remove Pruning
* current-mask-distance is = 0.09835036098957062
0.1
Epoch: [42][0/352]	Loss 0.9422 (0.9422)	Accuracy 73.438 (73.438)	Time 0.05
Epoch: [42][50/352]	Loss 1.1306 (1.0796)	Accuracy 64.844 (67.708)	Time 2.47
Epoch: [42][100/352]	Loss 0.9446 (1.0816)	Accuracy 69.531 (67.713)	Time 2.41
Epoch: [42][150/352]	Loss 1.1429 (1.0990)	Accuracy 71.094 (67.172)	Time 2.41
Epoch: [42][200/352]	Loss 1.2048 (1.1134)	Accuracy 67.969 (66.931)	Time 2.42
Epoch: [42][250/352]	Loss 1.0972 (1.1210)	Accuracy 67.969 (66.777)	Time 2.48
Epoch: [42][300/352]	Loss 1.4239 (1.1382)	Accuracy 61.719 (66.406)	Time 2.48
Epoch: [42][350/352]	Loss 1.1354 (1.1433)	Accuracy 67.188 (66.186)	Time 2.51
train_accuracy 66.189
Test: [0/40]	Loss 2.1183 (2.1183)	Accuracy 41.406 (41.406)
valid_accuracy 54.540
Test: [0/79]	Loss 1.5998 (1.5998)	Accuracy 60.938 (60.938)
Test: [50/79]	Loss 1.8839 (1.7612)	Accuracy 53.906 (54.841)
valid_accuracy 54.880
Apply Unstructured L1 Pruning
Remove Pruning
* current-mask-distance is = 0.09714750945568085
0.1
Epoch: [43][0/352]	Loss 1.0920 (1.0920)	Accuracy 67.188 (67.188)	Time 0.10
Epoch: [43][50/352]	Loss 1.3018 (1.0832)	Accuracy 60.156 (67.923)	Time 2.45
Epoch: [43][100/352]	Loss 1.0197 (1.1015)	Accuracy 67.188 (67.288)	Time 2.43
Epoch: [43][150/352]	Loss 1.1864 (1.1209)	Accuracy 67.188 (66.737)	Time 2.51
Epoch: [43][200/352]	Loss 1.0444 (1.1238)	Accuracy 73.438 (66.775)	Time 2.20
Epoch: [43][250/352]	Loss 1.2617 (1.1317)	Accuracy 61.719 (66.546)	Time 2.14
Epoch: [43][300/352]	Loss 1.1620 (1.1387)	Accuracy 67.188 (66.313)	Time 2.13
Epoch: [43][350/352]	Loss 1.1378 (1.1348)	Accuracy 67.188 (66.411)	Time 2.49
train_accuracy 66.407
Test: [0/40]	Loss 1.9726 (1.9726)	Accuracy 51.562 (51.562)
valid_accuracy 55.140
Test: [0/79]	Loss 1.5785 (1.5785)	Accuracy 58.594 (58.594)
Test: [50/79]	Loss 1.7656 (1.7967)	Accuracy 57.031 (54.412)
valid_accuracy 54.340
Apply Unstructured L1 Pruning
Remove Pruning
* current-mask-distance is = 0.09592223912477493
0.1
Epoch: [44][0/352]	Loss 0.9588 (0.9588)	Accuracy 73.438 (73.438)	Time 0.05
Epoch: [44][50/352]	Loss 0.9623 (1.0606)	Accuracy 69.531 (68.842)	Time 2.47
Epoch: [44][100/352]	Loss 1.1876 (1.0797)	Accuracy 65.625 (68.433)	Time 2.40
Epoch: [44][150/352]	Loss 1.1685 (1.0984)	Accuracy 63.281 (67.901)	Time 2.41
Epoch: [44][200/352]	Loss 1.1012 (1.1064)	Accuracy 62.500 (67.619)	Time 2.75
Epoch: [44][250/352]	Loss 1.1702 (1.1109)	Accuracy 69.531 (67.614)	Time 2.43
Epoch: [44][300/352]	Loss 1.2559 (1.1187)	Accuracy 63.281 (67.320)	Time 2.39
Epoch: [44][350/352]	Loss 1.2614 (1.1240)	Accuracy 65.625 (67.205)	Time 2.40
train_accuracy 67.216
Test: [0/40]	Loss 1.8379 (1.8379)	Accuracy 51.562 (51.562)
valid_accuracy 55.320
Test: [0/79]	Loss 1.4650 (1.4650)	Accuracy 64.844 (64.844)
Test: [50/79]	Loss 1.9437 (1.7176)	Accuracy 53.906 (55.561)
valid_accuracy 55.690
Apply Unstructured L1 Pruning
Remove Pruning
* current-mask-distance is = 0.09912736713886261
0.1
Epoch: [45][0/352]	Loss 0.9171 (0.9171)	Accuracy 70.312 (70.312)	Time 0.05
Epoch: [45][50/352]	Loss 0.8978 (1.0690)	Accuracy 72.656 (68.076)	Time 2.37
Epoch: [45][100/352]	Loss 0.9827 (1.0867)	Accuracy 72.656 (67.636)	Time 2.39
Epoch: [45][150/352]	Loss 1.0345 (1.0942)	Accuracy 70.312 (67.529)	Time 2.55
Epoch: [45][200/352]	Loss 1.1920 (1.0993)	Accuracy 68.750 (67.394)	Time 2.36
Epoch: [45][250/352]	Loss 1.0530 (1.1169)	Accuracy 69.531 (67.072)	Time 2.35
Epoch: [45][300/352]	Loss 0.8984 (1.1204)	Accuracy 70.312 (67.058)	Time 2.37
Epoch: [45][350/352]	Loss 1.1915 (1.1260)	Accuracy 64.844 (66.905)	Time 2.44
train_accuracy 66.898
Test: [0/40]	Loss 1.7044 (1.7044)	Accuracy 55.469 (55.469)
valid_accuracy 56.800
Test: [0/79]	Loss 1.3010 (1.3010)	Accuracy 64.844 (64.844)
Test: [50/79]	Loss 1.6437 (1.6534)	Accuracy 56.250 (57.307)
valid_accuracy 57.180
Apply Unstructured L1 Pruning
Remove Pruning
* current-mask-distance is = 0.09851472824811935
0.1
Epoch: [46][0/352]	Loss 1.0598 (1.0598)	Accuracy 70.312 (70.312)	Time 0.05
Epoch: [46][50/352]	Loss 1.3837 (1.1058)	Accuracy 56.250 (67.693)	Time 2.49
Epoch: [46][100/352]	Loss 1.1381 (1.0893)	Accuracy 64.844 (68.286)	Time 2.45
Epoch: [46][150/352]	Loss 1.1521 (1.0970)	Accuracy 67.188 (67.814)	Time 2.39
Epoch: [46][200/352]	Loss 1.1450 (1.1061)	Accuracy 67.188 (67.304)	Time 2.41
Epoch: [46][250/352]	Loss 1.1797 (1.1172)	Accuracy 65.625 (66.988)	Time 2.40
Epoch: [46][300/352]	Loss 1.2119 (1.1307)	Accuracy 65.625 (66.648)	Time 2.42
Epoch: [46][350/352]	Loss 1.0762 (1.1286)	Accuracy 68.750 (66.769)	Time 2.42
train_accuracy 66.764
Test: [0/40]	Loss 1.8933 (1.8933)	Accuracy 50.781 (50.781)
valid_accuracy 55.160
Test: [0/79]	Loss 1.5923 (1.5923)	Accuracy 61.719 (61.719)
Test: [50/79]	Loss 1.9190 (1.7727)	Accuracy 50.000 (55.775)
valid_accuracy 55.490
Apply Unstructured L1 Pruning
Remove Pruning
* current-mask-distance is = 0.09771531820297241
0.1
Epoch: [47][0/352]	Loss 1.1049 (1.1049)	Accuracy 71.094 (71.094)	Time 0.06
Epoch: [47][50/352]	Loss 1.0582 (1.0622)	Accuracy 68.750 (67.938)	Time 2.38
Epoch: [47][100/352]	Loss 1.1560 (1.0781)	Accuracy 60.938 (67.690)	Time 2.40
Epoch: [47][150/352]	Loss 0.8595 (1.0988)	Accuracy 71.875 (67.141)	Time 2.37
Epoch: [47][200/352]	Loss 1.2643 (1.1041)	Accuracy 62.500 (67.094)	Time 2.41
Epoch: [47][250/352]	Loss 1.2014 (1.1144)	Accuracy 67.188 (66.708)	Time 2.47
Epoch: [47][300/352]	Loss 1.1248 (1.1211)	Accuracy 68.750 (66.578)	Time 2.38
Epoch: [47][350/352]	Loss 1.1664 (1.1224)	Accuracy 68.750 (66.587)	Time 2.39
train_accuracy 66.580
Test: [0/40]	Loss 1.8726 (1.8726)	Accuracy 50.781 (50.781)
valid_accuracy 53.100
Test: [0/79]	Loss 1.8213 (1.8213)	Accuracy 55.469 (55.469)
Test: [50/79]	Loss 1.7941 (1.8302)	Accuracy 53.906 (53.937)
valid_accuracy 53.490
Apply Unstructured L1 Pruning
Remove Pruning
* current-mask-distance is = 0.09755095094442368
0.1
Epoch: [48][0/352]	Loss 0.9663 (0.9663)	Accuracy 66.406 (66.406)	Time 0.05
Epoch: [48][50/352]	Loss 1.4622 (1.0943)	Accuracy 57.031 (67.325)	Time 2.37
Epoch: [48][100/352]	Loss 0.9204 (1.1015)	Accuracy 70.312 (67.102)	Time 2.37
Epoch: [48][150/352]	Loss 0.9891 (1.0968)	Accuracy 70.312 (67.198)	Time 2.48
Epoch: [48][200/352]	Loss 1.2065 (1.1064)	Accuracy 64.062 (67.083)	Time 2.43
Epoch: [48][250/352]	Loss 1.2499 (1.1133)	Accuracy 60.938 (66.892)	Time 2.40
Epoch: [48][300/352]	Loss 1.0529 (1.1149)	Accuracy 69.531 (67.003)	Time 2.43
Epoch: [48][350/352]	Loss 0.9567 (1.1197)	Accuracy 74.219 (66.863)	Time 2.40
train_accuracy 66.869
Test: [0/40]	Loss 2.0193 (2.0193)	Accuracy 42.969 (42.969)
valid_accuracy 54.820
Test: [0/79]	Loss 1.7519 (1.7519)	Accuracy 59.375 (59.375)
Test: [50/79]	Loss 1.7627 (1.7160)	Accuracy 53.906 (55.346)
valid_accuracy 54.970
Apply Unstructured L1 Pruning
Remove Pruning
* current-mask-distance is = 0.09755842387676239
0.1
Epoch: [49][0/352]	Loss 1.0760 (1.0760)	Accuracy 67.188 (67.188)	Time 0.05
Epoch: [49][50/352]	Loss 1.2363 (1.0702)	Accuracy 67.188 (68.597)	Time 2.45
Epoch: [49][100/352]	Loss 1.0487 (1.0702)	Accuracy 65.625 (68.472)	Time 2.32
Epoch: [49][150/352]	Loss 1.2118 (1.0757)	Accuracy 64.844 (68.176)	Time 2.46
Epoch: [49][200/352]	Loss 0.9934 (1.0765)	Accuracy 69.531 (68.043)	Time 2.48
Epoch: [49][250/352]	Loss 1.0455 (1.0857)	Accuracy 64.844 (67.844)	Time 2.50
Epoch: [49][300/352]	Loss 1.1142 (1.0965)	Accuracy 69.531 (67.603)	Time 2.39
Epoch: [49][350/352]	Loss 1.0930 (1.1032)	Accuracy 65.625 (67.526)	Time 2.42
train_accuracy 67.502
Test: [0/40]	Loss 2.0630 (2.0630)	Accuracy 53.125 (53.125)
valid_accuracy 55.760
Test: [0/79]	Loss 1.6569 (1.6569)	Accuracy 58.594 (58.594)
Test: [50/79]	Loss 1.7521 (1.6687)	Accuracy 62.500 (56.725)
valid_accuracy 56.800
Apply Unstructured L1 Pruning
Remove Pruning
* current-mask-distance is = 0.09782738238573074
0.1
Epoch: [50][0/352]	Loss 1.1151 (1.1151)	Accuracy 69.531 (69.531)	Time 0.05
Epoch: [50][50/352]	Loss 1.0511 (1.0498)	Accuracy 68.750 (68.536)	Time 2.35
Epoch: [50][100/352]	Loss 1.0959 (1.0517)	Accuracy 71.875 (68.866)	Time 2.36
Epoch: [50][150/352]	Loss 1.0181 (1.0670)	Accuracy 67.969 (68.372)	Time 2.34
Epoch: [50][200/352]	Loss 1.0332 (1.0679)	Accuracy 72.656 (68.346)	Time 2.48
Epoch: [50][250/352]	Loss 0.9475 (1.0789)	Accuracy 69.531 (68.121)	Time 2.40
Epoch: [50][300/352]	Loss 0.9631 (1.0935)	Accuracy 68.750 (67.784)	Time 2.35
Epoch: [50][350/352]	Loss 1.2952 (1.1042)	Accuracy 60.156 (67.477)	Time 2.35
train_accuracy 67.469
Test: [0/40]	Loss 1.8480 (1.8480)	Accuracy 53.125 (53.125)
valid_accuracy 53.280
Test: [0/79]	Loss 1.7027 (1.7027)	Accuracy 57.031 (57.031)
Test: [50/79]	Loss 1.8671 (1.8216)	Accuracy 54.688 (54.305)
valid_accuracy 54.290
Apply Unstructured L1 Pruning
Remove Pruning
* current-mask-distance is = 0.09767048805952072
0.1
Epoch: [51][0/352]	Loss 1.0162 (1.0162)	Accuracy 67.969 (67.969)	Time 0.05
Epoch: [51][50/352]	Loss 1.0878 (1.0844)	Accuracy 71.094 (68.367)	Time 2.39
Epoch: [51][100/352]	Loss 0.8637 (1.0780)	Accuracy 73.438 (68.495)	Time 2.41
Epoch: [51][150/352]	Loss 1.1303 (1.0861)	Accuracy 67.969 (67.979)	Time 2.41
Epoch: [51][200/352]	Loss 1.1876 (1.0908)	Accuracy 63.281 (67.736)	Time 2.37
Epoch: [51][250/352]	Loss 0.8682 (1.0913)	Accuracy 75.000 (67.673)	Time 2.38
Epoch: [51][300/352]	Loss 1.1679 (1.0933)	Accuracy 61.719 (67.733)	Time 2.47
Epoch: [51][350/352]	Loss 0.9267 (1.0963)	Accuracy 72.656 (67.570)	Time 2.44
train_accuracy 67.567
Test: [0/40]	Loss 1.9394 (1.9394)	Accuracy 51.562 (51.562)
valid_accuracy 56.220
Test: [0/79]	Loss 1.7177 (1.7177)	Accuracy 57.812 (57.812)
Test: [50/79]	Loss 1.6288 (1.6922)	Accuracy 56.250 (55.867)
valid_accuracy 56.340
Apply Unstructured L1 Pruning
Remove Pruning
* current-mask-distance is = 0.0964900478720665
0.1
Epoch: [52][0/352]	Loss 0.9635 (0.9635)	Accuracy 68.750 (68.750)	Time 0.10
Epoch: [52][50/352]	Loss 1.0272 (1.0634)	Accuracy 71.094 (68.781)	Time 2.42
Epoch: [52][100/352]	Loss 0.8771 (1.0717)	Accuracy 74.219 (68.479)	Time 2.38
Epoch: [52][150/352]	Loss 1.1751 (1.0699)	Accuracy 67.188 (68.367)	Time 2.41
Epoch: [52][200/352]	Loss 1.3807 (1.0766)	Accuracy 60.938 (68.179)	Time 2.43
Epoch: [52][250/352]	Loss 1.2462 (1.0878)	Accuracy 59.375 (67.950)	Time 2.44
Epoch: [52][300/352]	Loss 1.1653 (1.0897)	Accuracy 65.625 (67.797)	Time 2.40
Epoch: [52][350/352]	Loss 1.1186 (1.0982)	Accuracy 62.500 (67.546)	Time 2.44
train_accuracy 67.547
Test: [0/40]	Loss 1.7282 (1.7282)	Accuracy 50.781 (50.781)
valid_accuracy 56.100
Test: [0/79]	Loss 1.6439 (1.6439)	Accuracy 59.375 (59.375)
Test: [50/79]	Loss 1.5789 (1.6163)	Accuracy 56.250 (56.955)
valid_accuracy 57.210
Apply Unstructured L1 Pruning
Remove Pruning
* current-mask-distance is = 0.09679636359214783
0.1
Epoch: [53][0/352]	Loss 0.9173 (0.9173)	Accuracy 70.312 (70.312)	Time 0.06
Epoch: [53][50/352]	Loss 0.8230 (1.0170)	Accuracy 72.656 (69.531)	Time 2.45
Epoch: [53][100/352]	Loss 1.0217 (1.0389)	Accuracy 64.844 (68.827)	Time 2.43
Epoch: [53][150/352]	Loss 1.0205 (1.0625)	Accuracy 71.094 (68.305)	Time 2.41
Epoch: [53][200/352]	Loss 1.1426 (1.0735)	Accuracy 70.312 (68.050)	Time 2.40
Epoch: [53][250/352]	Loss 1.1160 (1.0842)	Accuracy 67.188 (67.798)	Time 2.38
Epoch: [53][300/352]	Loss 1.0851 (1.0914)	Accuracy 68.750 (67.688)	Time 2.37
Epoch: [53][350/352]	Loss 0.9654 (1.0897)	Accuracy 69.531 (67.635)	Time 2.38
train_accuracy 67.649
Test: [0/40]	Loss 2.0185 (2.0185)	Accuracy 47.656 (47.656)
valid_accuracy 53.940
Test: [0/79]	Loss 1.5738 (1.5738)	Accuracy 57.812 (57.812)
Test: [50/79]	Loss 1.9313 (1.8141)	Accuracy 51.562 (54.688)
valid_accuracy 54.930
Apply Unstructured L1 Pruning
Remove Pruning
* current-mask-distance is = 0.09711015224456787
0.1
Epoch: [54][0/352]	Loss 1.0975 (1.0975)	Accuracy 68.750 (68.750)	Time 0.05
Epoch: [54][50/352]	Loss 1.0051 (1.0302)	Accuracy 73.438 (69.393)	Time 2.44
Epoch: [54][100/352]	Loss 1.1873 (1.0610)	Accuracy 69.531 (68.580)	Time 2.42
Epoch: [54][150/352]	Loss 1.1132 (1.0638)	Accuracy 67.969 (68.383)	Time 2.35
Epoch: [54][200/352]	Loss 1.1620 (1.0789)	Accuracy 67.969 (68.101)	Time 2.51
Epoch: [54][250/352]	Loss 1.3093 (1.0894)	Accuracy 60.938 (67.813)	Time 2.44
Epoch: [54][300/352]	Loss 1.1699 (1.0869)	Accuracy 66.406 (67.829)	Time 2.42
Epoch: [54][350/352]	Loss 1.1554 (1.0860)	Accuracy 67.969 (67.880)	Time 2.44
train_accuracy 67.871
Test: [0/40]	Loss 1.7449 (1.7449)	Accuracy 58.594 (58.594)
valid_accuracy 55.440
Test: [0/79]	Loss 1.5331 (1.5331)	Accuracy 61.719 (61.719)
Test: [50/79]	Loss 1.8556 (1.7062)	Accuracy 50.000 (56.250)
valid_accuracy 56.170
Apply Unstructured L1 Pruning
Remove Pruning
* current-mask-distance is = 0.09607913345098495
0.1
Epoch: [55][0/352]	Loss 0.9484 (0.9484)	Accuracy 67.969 (67.969)	Time 0.05
Epoch: [55][50/352]	Loss 0.8151 (1.0465)	Accuracy 73.438 (68.903)	Time 2.68
Epoch: [55][100/352]	Loss 1.0624 (1.0404)	Accuracy 69.531 (69.175)	Time 2.71
Epoch: [55][150/352]	Loss 1.1808 (1.0486)	Accuracy 71.094 (68.962)	Time 2.86
Epoch: [55][200/352]	Loss 1.0705 (1.0570)	Accuracy 68.750 (68.622)	Time 2.79
Epoch: [55][250/352]	Loss 1.0406 (1.0596)	Accuracy 69.531 (68.461)	Time 2.71
Epoch: [55][300/352]	Loss 1.2275 (1.0629)	Accuracy 63.281 (68.402)	Time 2.81
Epoch: [55][350/352]	Loss 1.3311 (1.0739)	Accuracy 60.938 (68.100)	Time 2.74
train_accuracy 68.109
Test: [0/40]	Loss 1.8883 (1.8883)	Accuracy 53.125 (53.125)
valid_accuracy 55.900
Test: [0/79]	Loss 1.5646 (1.5646)	Accuracy 60.156 (60.156)
Test: [50/79]	Loss 1.6816 (1.6074)	Accuracy 55.469 (57.874)
valid_accuracy 57.890
Apply Unstructured L1 Pruning
Remove Pruning
* current-mask-distance is = 0.0956607460975647
0.1
Epoch: [56][0/352]	Loss 0.9434 (0.9434)	Accuracy 72.656 (72.656)	Time 0.05
Epoch: [56][50/352]	Loss 1.0143 (1.0102)	Accuracy 64.844 (69.623)	Time 2.42
Epoch: [56][100/352]	Loss 1.1408 (1.0380)	Accuracy 64.844 (68.711)	Time 2.48
Epoch: [56][150/352]	Loss 0.9431 (1.0555)	Accuracy 75.000 (68.290)	Time 2.41
Epoch: [56][200/352]	Loss 1.1108 (1.0607)	Accuracy 71.094 (68.249)	Time 2.65
Epoch: [56][250/352]	Loss 0.9748 (1.0696)	Accuracy 75.000 (68.025)	Time 2.61
Epoch: [56][300/352]	Loss 1.0522 (1.0720)	Accuracy 63.281 (67.961)	Time 2.22
Epoch: [56][350/352]	Loss 1.0514 (1.0763)	Accuracy 70.312 (67.911)	Time 2.21
train_accuracy 67.918
Test: [0/40]	Loss 1.7452 (1.7452)	Accuracy 53.906 (53.906)
valid_accuracy 56.760
Test: [0/79]	Loss 1.6839 (1.6839)	Accuracy 59.375 (59.375)
Test: [50/79]	Loss 1.7766 (1.6825)	Accuracy 57.031 (56.771)
valid_accuracy 56.830
Apply Unstructured L1 Pruning
Remove Pruning
* current-mask-distance is = 0.09661705791950226
0.1
Epoch: [57][0/352]	Loss 0.9741 (0.9741)	Accuracy 68.750 (68.750)	Time 0.06
Epoch: [57][50/352]	Loss 1.0381 (1.0435)	Accuracy 64.062 (68.566)	Time 2.52
Epoch: [57][100/352]	Loss 1.2759 (1.0351)	Accuracy 58.594 (68.673)	Time 2.41
Epoch: [57][150/352]	Loss 1.2817 (1.0409)	Accuracy 64.062 (68.688)	Time 2.41
Epoch: [57][200/352]	Loss 1.0758 (1.0517)	Accuracy 71.094 (68.474)	Time 2.43
Epoch: [57][250/352]	Loss 1.2185 (1.0666)	Accuracy 67.969 (68.099)	Time 2.45
Epoch: [57][300/352]	Loss 1.1061 (1.0669)	Accuracy 60.938 (68.117)	Time 2.40
Epoch: [57][350/352]	Loss 1.1605 (1.0721)	Accuracy 71.875 (67.940)	Time 2.44
train_accuracy 67.958
Test: [0/40]	Loss 1.9376 (1.9376)	Accuracy 53.125 (53.125)
valid_accuracy 55.860
Test: [0/79]	Loss 1.6273 (1.6273)	Accuracy 60.938 (60.938)
Test: [50/79]	Loss 1.9214 (1.7841)	Accuracy 53.125 (55.744)
valid_accuracy 55.310
Apply Unstructured L1 Pruning
Remove Pruning
* current-mask-distance is = 0.09579522907733917
0.1
Epoch: [58][0/352]	Loss 1.1780 (1.1780)	Accuracy 65.625 (65.625)	Time 0.06
Epoch: [58][50/352]	Loss 0.9643 (1.0217)	Accuracy 67.188 (69.393)	Time 2.50
Epoch: [58][100/352]	Loss 0.8377 (1.0131)	Accuracy 76.562 (69.307)	Time 2.46
Epoch: [58][150/352]	Loss 1.2842 (1.0386)	Accuracy 63.281 (68.828)	Time 2.54
Epoch: [58][200/352]	Loss 1.0587 (1.0438)	Accuracy 71.094 (68.801)	Time 2.49
Epoch: [58][250/352]	Loss 1.1598 (1.0507)	Accuracy 67.969 (68.682)	Time 2.50
Epoch: [58][300/352]	Loss 1.0790 (1.0574)	Accuracy 68.750 (68.524)	Time 2.50
Epoch: [58][350/352]	Loss 1.0661 (1.0704)	Accuracy 67.188 (68.151)	Time 2.52
train_accuracy 68.156
Test: [0/40]	Loss 1.8371 (1.8371)	Accuracy 53.906 (53.906)
valid_accuracy 55.960
Test: [0/79]	Loss 1.4945 (1.4945)	Accuracy 62.500 (62.500)
Test: [50/79]	Loss 1.5588 (1.7240)	Accuracy 60.156 (55.959)
valid_accuracy 56.060
Apply Unstructured L1 Pruning
Remove Pruning
* current-mask-distance is = 0.09682624787092209
0.1
Epoch: [59][0/352]	Loss 0.7934 (0.7934)	Accuracy 79.688 (79.688)	Time 0.06
Epoch: [59][50/352]	Loss 1.1907 (1.0150)	Accuracy 68.750 (70.037)	Time 2.46
Epoch: [59][100/352]	Loss 1.1043 (1.0371)	Accuracy 69.531 (69.129)	Time 2.47
Epoch: [59][150/352]	Loss 1.1793 (1.0488)	Accuracy 65.625 (68.781)	Time 2.50
Epoch: [59][200/352]	Loss 1.0059 (1.0502)	Accuracy 70.312 (68.766)	Time 2.45
Epoch: [59][250/352]	Loss 1.2333 (1.0542)	Accuracy 68.750 (68.747)	Time 2.43
Epoch: [59][300/352]	Loss 0.9868 (1.0591)	Accuracy 70.312 (68.664)	Time 2.37
Epoch: [59][350/352]	Loss 0.9732 (1.0607)	Accuracy 67.969 (68.585)	Time 2.37
train_accuracy 68.573
Test: [0/40]	Loss 1.8119 (1.8119)	Accuracy 56.250 (56.250)
valid_accuracy 55.380
Test: [0/79]	Loss 1.9234 (1.9234)	Accuracy 51.562 (51.562)
Test: [50/79]	Loss 1.6834 (1.7971)	Accuracy 54.688 (54.121)
valid_accuracy 54.240
Apply Unstructured L1 Pruning
Remove Pruning
* current-mask-distance is = 0.0985894426703453
0.1
Epoch: [60][0/352]	Loss 0.9227 (0.9227)	Accuracy 70.312 (70.312)	Time 0.06
Epoch: [60][50/352]	Loss 0.8762 (1.0048)	Accuracy 76.562 (69.945)	Time 2.66
Epoch: [60][100/352]	Loss 1.1141 (1.0304)	Accuracy 66.406 (69.284)	Time 2.44
Epoch: [60][150/352]	Loss 1.1196 (1.0369)	Accuracy 71.094 (69.169)	Time 2.38
Epoch: [60][200/352]	Loss 1.0759 (1.0438)	Accuracy 71.094 (68.952)	Time 2.40
Epoch: [60][250/352]	Loss 1.1406 (1.0569)	Accuracy 68.750 (68.647)	Time 2.39
Epoch: [60][300/352]	Loss 1.0105 (1.0626)	Accuracy 67.188 (68.612)	Time 2.37
Epoch: [60][350/352]	Loss 1.0391 (1.0608)	Accuracy 71.094 (68.730)	Time 2.43
train_accuracy 68.720
Test: [0/40]	Loss 2.0036 (2.0036)	Accuracy 50.781 (50.781)
valid_accuracy 55.820
Test: [0/79]	Loss 1.6716 (1.6716)	Accuracy 61.719 (61.719)
Test: [50/79]	Loss 1.9000 (1.7314)	Accuracy 53.125 (55.591)
valid_accuracy 56.120
Apply Unstructured L1 Pruning
Remove Pruning
* current-mask-distance is = 0.09817105531692505
0.1
Epoch: [61][0/352]	Loss 1.0986 (1.0986)	Accuracy 68.750 (68.750)	Time 0.11
Epoch: [61][50/352]	Loss 0.9818 (0.9990)	Accuracy 71.875 (71.247)	Time 2.37
Epoch: [61][100/352]	Loss 0.7843 (0.9988)	Accuracy 76.562 (70.707)	Time 2.46
Epoch: [61][150/352]	Loss 0.9945 (1.0125)	Accuracy 71.094 (70.266)	Time 2.37
Epoch: [61][200/352]	Loss 0.9266 (1.0296)	Accuracy 71.094 (69.660)	Time 2.38
Epoch: [61][250/352]	Loss 1.0198 (1.0435)	Accuracy 70.312 (69.236)	Time 2.39
Epoch: [61][300/352]	Loss 0.9911 (1.0518)	Accuracy 70.312 (68.991)	Time 2.45
Epoch: [61][350/352]	Loss 1.1803 (1.0581)	Accuracy 69.531 (68.797)	Time 2.80
train_accuracy 68.791
Test: [0/40]	Loss 1.8734 (1.8734)	Accuracy 56.250 (56.250)
valid_accuracy 55.760
Test: [0/79]	Loss 1.6857 (1.6857)	Accuracy 58.594 (58.594)
Test: [50/79]	Loss 1.6322 (1.7707)	Accuracy 57.031 (55.515)
valid_accuracy 55.560
Apply Unstructured L1 Pruning
Remove Pruning
* current-mask-distance is = 0.09849978983402252
0.1
Epoch: [62][0/352]	Loss 0.9023 (0.9023)	Accuracy 72.656 (72.656)	Time 0.06
Epoch: [62][50/352]	Loss 1.0335 (0.9734)	Accuracy 67.969 (70.634)	Time 2.35
Epoch: [62][100/352]	Loss 1.0190 (1.0120)	Accuracy 70.312 (69.972)	Time 2.43
Epoch: [62][150/352]	Loss 1.1568 (1.0289)	Accuracy 65.625 (69.490)	Time 2.34
Epoch: [62][200/352]	Loss 1.2319 (1.0346)	Accuracy 66.406 (69.341)	Time 2.41
Epoch: [62][250/352]	Loss 0.9488 (1.0380)	Accuracy 68.750 (69.273)	Time 2.58
Epoch: [62][300/352]	Loss 0.9928 (1.0378)	Accuracy 67.188 (69.269)	Time 2.73
Epoch: [62][350/352]	Loss 1.0796 (1.0467)	Accuracy 68.750 (69.026)	Time 2.36
train_accuracy 69.016
Test: [0/40]	Loss 2.0679 (2.0679)	Accuracy 53.125 (53.125)
valid_accuracy 55.720
Test: [0/79]	Loss 1.5676 (1.5676)	Accuracy 55.469 (55.469)
Test: [50/79]	Loss 1.8940 (1.7911)	Accuracy 55.469 (55.423)
valid_accuracy 55.300
Apply Unstructured L1 Pruning
Remove Pruning
* current-mask-distance is = 0.09723716229200363
0.1
Epoch: [63][0/352]	Loss 0.9510 (0.9510)	Accuracy 74.219 (74.219)	Time 0.05
Epoch: [63][50/352]	Loss 1.0492 (1.0276)	Accuracy 67.969 (68.980)	Time 2.50
Epoch: [63][100/352]	Loss 1.0154 (1.0294)	Accuracy 66.406 (69.090)	Time 2.49
Epoch: [63][150/352]	Loss 1.1265 (1.0354)	Accuracy 67.188 (69.040)	Time 2.57
Epoch: [63][200/352]	Loss 1.0482 (1.0420)	Accuracy 71.094 (68.952)	Time 2.71
Epoch: [63][250/352]	Loss 1.1848 (1.0432)	Accuracy 66.406 (68.952)	Time 2.64
Epoch: [63][300/352]	Loss 1.0073 (1.0495)	Accuracy 67.188 (68.817)	Time 2.66
Epoch: [63][350/352]	Loss 1.3183 (1.0492)	Accuracy 63.281 (68.743)	Time 2.44
train_accuracy 68.733
Test: [0/40]	Loss 1.8190 (1.8190)	Accuracy 54.688 (54.688)
valid_accuracy 56.280
Test: [0/79]	Loss 1.4949 (1.4949)	Accuracy 66.406 (66.406)
Test: [50/79]	Loss 1.6528 (1.6391)	Accuracy 60.938 (57.169)
valid_accuracy 57.270
Apply Unstructured L1 Pruning
Remove Pruning
* current-mask-distance is = 0.0969308465719223
0.1
Epoch: [64][0/352]	Loss 0.8906 (0.8906)	Accuracy 71.875 (71.875)	Time 0.05
Epoch: [64][50/352]	Loss 1.2198 (0.9987)	Accuracy 67.188 (70.987)	Time 2.45
Epoch: [64][100/352]	Loss 0.9992 (1.0225)	Accuracy 71.875 (69.694)	Time 2.35
Epoch: [64][150/352]	Loss 1.0112 (1.0310)	Accuracy 66.406 (69.469)	Time 2.35
Epoch: [64][200/352]	Loss 1.2317 (1.0352)	Accuracy 60.938 (69.205)	Time 2.37
Epoch: [64][250/352]	Loss 0.7843 (1.0400)	Accuracy 75.000 (69.002)	Time 2.43
Epoch: [64][300/352]	Loss 1.0812 (1.0468)	Accuracy 64.844 (68.810)	Time 2.41
Epoch: [64][350/352]	Loss 1.2548 (1.0542)	Accuracy 64.844 (68.583)	Time 2.48
train_accuracy 68.582
Test: [0/40]	Loss 1.7963 (1.7963)	Accuracy 52.344 (52.344)
valid_accuracy 55.180
Test: [0/79]	Loss 1.4610 (1.4610)	Accuracy 58.594 (58.594)
Test: [50/79]	Loss 1.7755 (1.7692)	Accuracy 55.469 (55.607)
valid_accuracy 55.740
Apply Unstructured L1 Pruning
Remove Pruning
* current-mask-distance is = 0.09671418368816376
0.1
Epoch: [65][0/352]	Loss 1.0349 (1.0349)	Accuracy 71.094 (71.094)	Time 0.06
Epoch: [65][50/352]	Loss 0.8344 (1.0030)	Accuracy 78.125 (70.221)	Time 2.55
Epoch: [65][100/352]	Loss 1.1650 (1.0007)	Accuracy 64.844 (70.305)	Time 2.34
Epoch: [65][150/352]	Loss 0.8974 (1.0075)	Accuracy 75.000 (70.147)	Time 2.14
Epoch: [65][200/352]	Loss 0.9988 (1.0158)	Accuracy 69.531 (69.862)	Time 2.14
Epoch: [65][250/352]	Loss 0.9713 (1.0279)	Accuracy 72.656 (69.634)	Time 2.14
Epoch: [65][300/352]	Loss 1.2074 (1.0362)	Accuracy 66.406 (69.435)	Time 2.12
Epoch: [65][350/352]	Loss 1.2654 (1.0427)	Accuracy 60.156 (69.122)	Time 2.15
train_accuracy 69.129
Test: [0/40]	Loss 1.8291 (1.8291)	Accuracy 52.344 (52.344)
valid_accuracy 55.700
Test: [0/79]	Loss 1.3403 (1.3403)	Accuracy 66.406 (66.406)
Test: [50/79]	Loss 1.6335 (1.7611)	Accuracy 60.156 (56.127)
valid_accuracy 56.210
Apply Unstructured L1 Pruning
Remove Pruning
* current-mask-distance is = 0.09760324656963348
0.1
Epoch: [66][0/352]	Loss 1.0105 (1.0105)	Accuracy 66.406 (66.406)	Time 0.05
Epoch: [66][50/352]	Loss 1.1677 (1.0073)	Accuracy 64.062 (69.991)	Time 2.46
Epoch: [66][100/352]	Loss 1.1504 (1.0100)	Accuracy 67.188 (70.042)	Time 2.46
Epoch: [66][150/352]	Loss 1.0599 (1.0201)	Accuracy 68.750 (69.738)	Time 2.44
Epoch: [66][200/352]	Loss 1.2544 (1.0288)	Accuracy 62.500 (69.520)	Time 2.45
Epoch: [66][250/352]	Loss 1.0785 (1.0349)	Accuracy 66.406 (69.226)	Time 2.45
Epoch: [66][300/352]	Loss 1.1541 (1.0420)	Accuracy 64.844 (69.028)	Time 2.44
Epoch: [66][350/352]	Loss 0.9977 (1.0454)	Accuracy 66.406 (68.875)	Time 2.43
train_accuracy 68.867
Test: [0/40]	Loss 1.6912 (1.6912)	Accuracy 55.469 (55.469)
valid_accuracy 57.740
Test: [0/79]	Loss 1.3727 (1.3727)	Accuracy 64.062 (64.062)
Test: [50/79]	Loss 1.6241 (1.6205)	Accuracy 54.688 (57.276)
valid_accuracy 57.500
Apply Unstructured L1 Pruning
Remove Pruning
* current-mask-distance is = 0.0972222164273262
0.1
Epoch: [67][0/352]	Loss 0.9207 (0.9207)	Accuracy 71.875 (71.875)	Time 0.06
Epoch: [67][50/352]	Loss 1.0621 (1.0079)	Accuracy 64.844 (69.516)	Time 2.71
Epoch: [67][100/352]	Loss 0.9809 (0.9979)	Accuracy 74.219 (70.119)	Time 2.72
Epoch: [67][150/352]	Loss 1.0958 (1.0110)	Accuracy 67.188 (69.686)	Time 2.58
Epoch: [67][200/352]	Loss 1.1021 (1.0300)	Accuracy 64.062 (69.232)	Time 2.32
Epoch: [67][250/352]	Loss 1.2186 (1.0366)	Accuracy 64.844 (69.067)	Time 2.32
Epoch: [67][300/352]	Loss 1.0244 (1.0377)	Accuracy 71.094 (69.116)	Time 2.33
Epoch: [67][350/352]	Loss 0.9236 (1.0420)	Accuracy 72.656 (69.044)	Time 2.59
train_accuracy 69.027
Test: [0/40]	Loss 1.9211 (1.9211)	Accuracy 53.125 (53.125)
valid_accuracy 53.920
Test: [0/79]	Loss 1.6880 (1.6880)	Accuracy 61.719 (61.719)
Test: [50/79]	Loss 1.7999 (1.8705)	Accuracy 50.781 (53.768)
valid_accuracy 53.720
Apply Unstructured L1 Pruning
Remove Pruning
* current-mask-distance is = 0.09737911075353622
0.1
Epoch: [68][0/352]	Loss 0.9819 (0.9819)	Accuracy 67.188 (67.188)	Time 0.06
Epoch: [68][50/352]	Loss 0.9700 (1.0163)	Accuracy 71.094 (69.914)	Time 2.41
Epoch: [68][100/352]	Loss 1.0995 (1.0001)	Accuracy 67.188 (69.972)	Time 2.36
